2019-03-14 21:39:57,616 INFO  [Log] **************************************************************************************** 
2019-03-14 21:39:57,616 INFO  [Log] **************************************************************************************** 
2019-03-14 21:39:57,616 INFO  [Log] $$$$$$$$$$$$$$$$$$$$$                 VerifyTitle_01       $$$$$$$$$$$$$$$$$$$$$$$$$ 
2019-03-14 21:39:57,616 INFO  [Log] **************************************************************************************** 
2019-03-14 21:39:57,616 INFO  [Log] **************************************************************************************** 
2019-03-14 21:39:57,618 INFO  [Log] Opening Browser 
2019-03-14 21:39:59,818 INFO  [Log] Chrome browser started 
2019-03-14 21:40:00,017 INFO  [Log] Set maximize 
2019-03-14 21:40:00,074 INFO  [Log] Navigating to URL 
2019-03-14 21:40:03,503 INFO  [Log] Clicking on Webelement dropdown_catagory 
2019-03-14 21:40:05,701 INFO  [Log] XXXXXXXXXXXXXXXXXXXXXXX             -E---N---D-             XXXXXXXXXXXXXXXXXXXXXX 
2019-03-14 21:40:05,701 INFO  [Log] X 
2019-03-14 21:40:05,701 INFO  [Log] X 
2019-03-14 21:40:05,702 INFO  [Log] X 
2019-03-14 21:40:05,702 INFO  [Log] X 
2019-03-14 21:53:24,464 INFO  [Log] **************************************************************************************** 
2019-03-14 21:53:24,466 INFO  [Log] **************************************************************************************** 
2019-03-14 21:53:24,466 INFO  [Log] $$$$$$$$$$$$$$$$$$$$$                 VerifyTitle_01       $$$$$$$$$$$$$$$$$$$$$$$$$ 
2019-03-14 21:53:24,466 INFO  [Log] **************************************************************************************** 
2019-03-14 21:53:24,466 INFO  [Log] **************************************************************************************** 
2019-03-14 21:53:24,468 INFO  [Log] Opening Browser 
2019-03-14 21:53:26,685 INFO  [Log] Chrome browser started 
2019-03-14 21:53:26,888 INFO  [Log] Set maximize 
2019-03-14 21:53:26,953 INFO  [Log] Navigating to URL 
2019-03-14 21:53:31,013 INFO  [Log] Clicking on Webelement dropdown_catagory 
2019-03-14 21:53:32,796 INFO  [Log] XXXXXXXXXXXXXXXXXXXXXXX             -E---N---D-             XXXXXXXXXXXXXXXXXXXXXX 
2019-03-14 21:53:32,796 INFO  [Log] X 
2019-03-14 21:53:32,796 INFO  [Log] X 
2019-03-14 21:53:32,796 INFO  [Log] X 
2019-03-14 21:53:32,796 INFO  [Log] X 
2019-03-14 22:02:30,823 INFO  [Log] **************************************************************************************** 
2019-03-14 22:02:30,825 INFO  [Log] **************************************************************************************** 
2019-03-14 22:02:30,825 INFO  [Log] $$$$$$$$$$$$$$$$$$$$$                 VerifyTitle_01       $$$$$$$$$$$$$$$$$$$$$$$$$ 
2019-03-14 22:02:30,825 INFO  [Log] **************************************************************************************** 
2019-03-14 22:02:30,825 INFO  [Log] **************************************************************************************** 
2019-03-14 22:02:30,839 INFO  [Log] Opening Browser 
2019-03-14 22:02:33,184 INFO  [Log] Chrome browser started 
2019-03-14 22:02:33,378 INFO  [Log] Set maximize 
2019-03-14 22:02:33,448 INFO  [Log] Navigating to URL 
2019-03-14 22:02:37,866 INFO  [Log] Select Dropdown on WebElement dropdown_catagory 
2019-03-14 22:02:47,972 ERROR [Log] Not able to click --- no such element: Unable to locate element: {"method":"id","selector":".//*[@id='searchDropdownBox']"}
  (Session info: chrome=72.0.3626.121)
  (Driver info: chromedriver=73.0.3683.20 (8e2b610813e167eee3619ac4ce6e42e3ec622017),platform=Mac OS X 10.14.2 x86_64) (WARNING: The server did not provide any stacktrace information)
Command duration or timeout: 0 milliseconds
For documentation on this error, please visit: http://seleniumhq.org/exceptions/no_such_element.html
Build info: version: '3.14.0', revision: 'aacccce0', time: '2018-08-02T20:19:58.91Z'
System info: host: 'MacBook-Pro-2.local', ip: 'fe80:0:0:0:1c2b:70f7:fa5e:1246%en0', os.name: 'Mac OS X', os.arch: 'x86_64', os.version: '10.14.2', java.version: '1.8.0_181'
Driver info: org.openqa.selenium.chrome.ChromeDriver
Capabilities {acceptInsecureCerts: false, acceptSslCerts: false, applicationCacheEnabled: false, browserConnectionEnabled: false, browserName: chrome, chrome: {chromedriverVersion: 73.0.3683.20 (8e2b610813e16..., userDataDir: /var/folders/24/4smgzljs2zj...}, cssSelectorsEnabled: true, databaseEnabled: false, goog:chromeOptions: {debuggerAddress: localhost:51029}, handlesAlerts: true, hasTouchScreen: false, javascriptEnabled: true, locationContextEnabled: true, mobileEmulationEnabled: false, nativeEvents: true, networkConnectionEnabled: false, pageLoadStrategy: normal, platform: MAC, platformName: MAC, proxy: Proxy(), rotatable: false, setWindowRect: true, strictFileInteractability: false, takesHeapSnapshot: true, takesScreenshot: true, timeouts: {implicit: 0, pageLoad: 300000, script: 30000}, unexpectedAlertBehaviour: ignore, unhandledPromptBehavior: ignore, version: 72.0.3626.121, webStorageEnabled: true}
Session ID: a247745a15f375d2cd11fa4bfd2b2bff
*** Element info: {Using=id, value=.//*[@id='searchDropdownBox']} 
2019-03-14 22:02:48,025 INFO  [Log] Closing the browser 
2019-03-14 22:02:48,285 INFO  [Log] XXXXXXXXXXXXXXXXXXXXXXX             -E---N---D-             XXXXXXXXXXXXXXXXXXXXXX 
2019-03-14 22:02:48,285 INFO  [Log] X 
2019-03-14 22:02:48,285 INFO  [Log] X 
2019-03-14 22:02:48,285 INFO  [Log] X 
2019-03-14 22:02:48,285 INFO  [Log] X 
2019-03-15 07:35:18,237 INFO  [Log] **************************************************************************************** 
2019-03-15 07:35:18,249 INFO  [Log] **************************************************************************************** 
2019-03-15 07:35:18,249 INFO  [Log] $$$$$$$$$$$$$$$$$$$$$                 VerifyTitle_01       $$$$$$$$$$$$$$$$$$$$$$$$$ 
2019-03-15 07:35:18,249 INFO  [Log] **************************************************************************************** 
2019-03-15 07:35:18,249 INFO  [Log] **************************************************************************************** 
2019-03-15 07:35:18,252 INFO  [Log] Opening Browser 
2019-03-15 07:35:20,476 INFO  [Log] Chrome browser started 
2019-03-15 07:35:20,678 INFO  [Log] Set maximize 
2019-03-15 07:35:20,740 INFO  [Log] Navigating to URL 
2019-03-15 07:35:23,558 INFO  [Log] Select Dropdown on WebElement dropdown_catagory 
2019-03-15 07:35:33,694 ERROR [Log] Not able to click --- no such element: Unable to locate element: {"method":"id","selector":".//*[@id='searchDropdownBox']"}
  (Session info: chrome=72.0.3626.121)
  (Driver info: chromedriver=73.0.3683.20 (8e2b610813e167eee3619ac4ce6e42e3ec622017),platform=Mac OS X 10.14.2 x86_64) (WARNING: The server did not provide any stacktrace information)
Command duration or timeout: 0 milliseconds
For documentation on this error, please visit: http://seleniumhq.org/exceptions/no_such_element.html
Build info: version: '3.14.0', revision: 'aacccce0', time: '2018-08-02T20:19:58.91Z'
System info: host: 'MacBook-Pro-2.local', ip: 'fe80:0:0:0:143b:19b1:4f73:26fd%en0', os.name: 'Mac OS X', os.arch: 'x86_64', os.version: '10.14.2', java.version: '1.8.0_181'
Driver info: org.openqa.selenium.chrome.ChromeDriver
Capabilities {acceptInsecureCerts: false, acceptSslCerts: false, applicationCacheEnabled: false, browserConnectionEnabled: false, browserName: chrome, chrome: {chromedriverVersion: 73.0.3683.20 (8e2b610813e16..., userDataDir: /var/folders/24/4smgzljs2zj...}, cssSelectorsEnabled: true, databaseEnabled: false, goog:chromeOptions: {debuggerAddress: localhost:49391}, handlesAlerts: true, hasTouchScreen: false, javascriptEnabled: true, locationContextEnabled: true, mobileEmulationEnabled: false, nativeEvents: true, networkConnectionEnabled: false, pageLoadStrategy: normal, platform: MAC, platformName: MAC, proxy: Proxy(), rotatable: false, setWindowRect: true, strictFileInteractability: false, takesHeapSnapshot: true, takesScreenshot: true, timeouts: {implicit: 0, pageLoad: 300000, script: 30000}, unexpectedAlertBehaviour: ignore, unhandledPromptBehavior: ignore, version: 72.0.3626.121, webStorageEnabled: true}
Session ID: cde38b9245cdbb96c9e2929ecc7db934
*** Element info: {Using=id, value=.//*[@id='searchDropdownBox']} 
2019-03-15 07:35:33,744 INFO  [Log] Closing the browser 
2019-03-15 07:35:33,921 INFO  [Log] XXXXXXXXXXXXXXXXXXXXXXX             -E---N---D-             XXXXXXXXXXXXXXXXXXXXXX 
2019-03-15 07:35:33,921 INFO  [Log] X 
2019-03-15 07:35:33,921 INFO  [Log] X 
2019-03-15 07:35:33,921 INFO  [Log] X 
2019-03-15 07:35:33,921 INFO  [Log] X 
2019-03-15 07:36:54,681 INFO  [Log] **************************************************************************************** 
2019-03-15 07:36:54,682 INFO  [Log] **************************************************************************************** 
2019-03-15 07:36:54,682 INFO  [Log] $$$$$$$$$$$$$$$$$$$$$                 VerifyTitle_01       $$$$$$$$$$$$$$$$$$$$$$$$$ 
2019-03-15 07:36:54,682 INFO  [Log] **************************************************************************************** 
2019-03-15 07:36:54,707 INFO  [Log] **************************************************************************************** 
2019-03-15 07:36:54,711 INFO  [Log] Opening Browser 
2019-03-15 07:36:56,398 INFO  [Log] Chrome browser started 
2019-03-15 07:36:56,586 INFO  [Log] Set maximize 
2019-03-15 07:36:56,650 INFO  [Log] Navigating to URL 
2019-03-15 07:37:00,027 INFO  [Log] Select Dropdown on WebElement dropdown_catagory 
2019-03-15 07:37:01,953 INFO  [Log] XXXXXXXXXXXXXXXXXXXXXXX             -E---N---D-             XXXXXXXXXXXXXXXXXXXXXX 
2019-03-15 07:37:01,953 INFO  [Log] X 
2019-03-15 07:37:01,953 INFO  [Log] X 
2019-03-15 07:37:01,953 INFO  [Log] X 
2019-03-15 07:37:01,953 INFO  [Log] X 
2019-03-15 07:40:37,783 INFO  [Log] **************************************************************************************** 
2019-03-15 07:40:37,784 INFO  [Log] **************************************************************************************** 
2019-03-15 07:40:37,784 INFO  [Log] $$$$$$$$$$$$$$$$$$$$$                 VerifyTitle_01       $$$$$$$$$$$$$$$$$$$$$$$$$ 
2019-03-15 07:40:37,784 INFO  [Log] **************************************************************************************** 
2019-03-15 07:40:37,784 INFO  [Log] **************************************************************************************** 
2019-03-15 07:40:37,786 INFO  [Log] Opening Browser 
2019-03-15 07:40:39,660 INFO  [Log] Chrome browser started 
2019-03-15 07:40:39,841 INFO  [Log] Set maximize 
2019-03-15 07:40:39,904 INFO  [Log] Navigating to URL 
2019-03-15 07:40:42,685 INFO  [Log] Select Dropdown on WebElement dropdown_catagory 
2019-03-15 07:40:44,670 INFO  [Log] XXXXXXXXXXXXXXXXXXXXXXX             -E---N---D-             XXXXXXXXXXXXXXXXXXXXXX 
2019-03-15 07:40:44,670 INFO  [Log] X 
2019-03-15 07:40:44,670 INFO  [Log] X 
2019-03-15 07:40:44,670 INFO  [Log] X 
2019-03-15 07:40:44,670 INFO  [Log] X 
2019-03-15 07:43:20,626 INFO  [Log] **************************************************************************************** 
2019-03-15 07:43:20,638 INFO  [Log] **************************************************************************************** 
2019-03-15 07:43:20,639 INFO  [Log] $$$$$$$$$$$$$$$$$$$$$                 VerifyTitle_01       $$$$$$$$$$$$$$$$$$$$$$$$$ 
2019-03-15 07:43:20,639 INFO  [Log] **************************************************************************************** 
2019-03-15 07:43:20,639 INFO  [Log] **************************************************************************************** 
2019-03-15 07:43:20,641 INFO  [Log] Opening Browser 
2019-03-15 07:43:22,810 INFO  [Log] Chrome browser started 
2019-03-15 07:43:22,998 INFO  [Log] Set maximize 
2019-03-15 07:43:23,060 INFO  [Log] Navigating to URL 
2019-03-15 07:43:28,511 INFO  [Log] Select Dropdown on WebElement dropdown_catagory 
2019-03-15 07:43:30,409 INFO  [Log] XXXXXXXXXXXXXXXXXXXXXXX             -E---N---D-             XXXXXXXXXXXXXXXXXXXXXX 
2019-03-15 07:43:30,409 INFO  [Log] X 
2019-03-15 07:43:30,409 INFO  [Log] X 
2019-03-15 07:43:30,409 INFO  [Log] X 
2019-03-15 07:43:30,409 INFO  [Log] X 
2019-03-15 07:44:00,410 INFO  [Log] **************************************************************************************** 
2019-03-15 07:44:00,411 INFO  [Log] **************************************************************************************** 
2019-03-15 07:44:00,411 INFO  [Log] $$$$$$$$$$$$$$$$$$$$$                 VerifyTitle_01       $$$$$$$$$$$$$$$$$$$$$$$$$ 
2019-03-15 07:44:00,411 INFO  [Log] **************************************************************************************** 
2019-03-15 07:44:00,411 INFO  [Log] **************************************************************************************** 
2019-03-15 07:44:00,413 INFO  [Log] Opening Browser 
2019-03-15 07:44:02,392 INFO  [Log] Chrome browser started 
2019-03-15 07:44:02,590 INFO  [Log] Set maximize 
2019-03-15 07:44:02,649 INFO  [Log] Navigating to URL 
2019-03-15 07:44:05,580 INFO  [Log] Select Dropdown on WebElement dropdown_catagory 
2019-03-15 07:44:07,353 INFO  [Log] XXXXXXXXXXXXXXXXXXXXXXX             -E---N---D-             XXXXXXXXXXXXXXXXXXXXXX 
2019-03-15 07:44:07,355 INFO  [Log] X 
2019-03-15 07:44:07,355 INFO  [Log] X 
2019-03-15 07:44:07,355 INFO  [Log] X 
2019-03-15 07:44:07,355 INFO  [Log] X 
2019-03-15 07:48:16,910 INFO  [Log] **************************************************************************************** 
2019-03-15 07:48:16,919 INFO  [Log] **************************************************************************************** 
2019-03-15 07:48:16,919 INFO  [Log] $$$$$$$$$$$$$$$$$$$$$                 VerifyTitle_01       $$$$$$$$$$$$$$$$$$$$$$$$$ 
2019-03-15 07:48:16,919 INFO  [Log] **************************************************************************************** 
2019-03-15 07:48:16,919 INFO  [Log] **************************************************************************************** 
2019-03-15 07:48:16,922 INFO  [Log] Opening Browser 
2019-03-15 07:48:18,566 INFO  [Log] Chrome browser started 
2019-03-15 07:48:18,750 INFO  [Log] Set maximize 
2019-03-15 07:48:18,806 INFO  [Log] Navigating to URL 
2019-03-15 07:48:21,516 INFO  [Log] Select Dropdown on WebElement dropdown_catagory 
2019-03-15 07:48:21,898 INFO  [Log] XXXXXXXXXXXXXXXXXXXXXXX             -E---N---D-             XXXXXXXXXXXXXXXXXXXXXX 
2019-03-15 07:48:21,898 INFO  [Log] X 
2019-03-15 07:48:21,898 INFO  [Log] X 
2019-03-15 07:48:21,898 INFO  [Log] X 
2019-03-15 07:48:21,898 INFO  [Log] X 
2019-03-15 07:51:21,383 INFO  [Log] **************************************************************************************** 
2019-03-15 07:51:21,383 INFO  [Log] **************************************************************************************** 
2019-03-15 07:51:21,383 INFO  [Log] $$$$$$$$$$$$$$$$$$$$$                 VerifyTitle_01       $$$$$$$$$$$$$$$$$$$$$$$$$ 
2019-03-15 07:51:21,383 INFO  [Log] **************************************************************************************** 
2019-03-15 07:51:21,383 INFO  [Log] **************************************************************************************** 
2019-03-15 07:51:21,386 INFO  [Log] Opening Browser 
2019-03-15 07:51:23,084 INFO  [Log] Chrome browser started 
2019-03-15 07:51:23,287 INFO  [Log] Set maximize 
2019-03-15 07:51:23,348 INFO  [Log] Navigating to URL 
2019-03-15 07:51:25,982 INFO  [Log] Select Dropdown on WebElement dropdown_catagory 
2019-03-15 07:51:26,307 INFO  [Log] XXXXXXXXXXXXXXXXXXXXXXX             -E---N---D-             XXXXXXXXXXXXXXXXXXXXXX 
2019-03-15 07:51:26,307 INFO  [Log] X 
2019-03-15 07:51:26,308 INFO  [Log] X 
2019-03-15 07:51:26,308 INFO  [Log] X 
2019-03-15 07:51:26,308 INFO  [Log] X 
2019-03-15 07:54:02,111 INFO  [Log] **************************************************************************************** 
2019-03-15 07:54:02,120 INFO  [Log] **************************************************************************************** 
2019-03-15 07:54:02,120 INFO  [Log] $$$$$$$$$$$$$$$$$$$$$                 VerifyTitle_01       $$$$$$$$$$$$$$$$$$$$$$$$$ 
2019-03-15 07:54:02,120 INFO  [Log] **************************************************************************************** 
2019-03-15 07:54:02,120 INFO  [Log] **************************************************************************************** 
2019-03-15 07:54:02,123 INFO  [Log] Opening Browser 
2019-03-15 07:54:03,862 INFO  [Log] Chrome browser started 
2019-03-15 07:54:04,047 INFO  [Log] Set maximize 
2019-03-15 07:54:04,115 INFO  [Log] Navigating to URL 
2019-03-15 07:54:06,937 INFO  [Log] Select Dropdown on WebElement dropdown_catagory 
2019-03-15 07:54:07,254 INFO  [Log] XXXXXXXXXXXXXXXXXXXXXXX             -E---N---D-             XXXXXXXXXXXXXXXXXXXXXX 
2019-03-15 07:54:07,255 INFO  [Log] X 
2019-03-15 07:54:07,255 INFO  [Log] X 
2019-03-15 07:54:07,255 INFO  [Log] X 
2019-03-15 07:54:07,255 INFO  [Log] X 
2019-03-15 07:54:23,276 INFO  [Log] **************************************************************************************** 
2019-03-15 07:54:23,277 INFO  [Log] **************************************************************************************** 
2019-03-15 07:54:23,277 INFO  [Log] $$$$$$$$$$$$$$$$$$$$$                 VerifyTitle_01       $$$$$$$$$$$$$$$$$$$$$$$$$ 
2019-03-15 07:54:23,277 INFO  [Log] **************************************************************************************** 
2019-03-15 07:54:23,277 INFO  [Log] **************************************************************************************** 
2019-03-15 07:54:23,279 INFO  [Log] Opening Browser 
2019-03-15 07:54:25,031 INFO  [Log] Chrome browser started 
2019-03-15 07:54:25,225 INFO  [Log] Set maximize 
2019-03-15 07:54:25,293 INFO  [Log] Navigating to URL 
2019-03-15 07:54:30,503 INFO  [Log] Select Dropdown on WebElement dropdown_catagory 
2019-03-15 07:54:33,180 INFO  [Log] XXXXXXXXXXXXXXXXXXXXXXX             -E---N---D-             XXXXXXXXXXXXXXXXXXXXXX 
2019-03-15 07:54:33,180 INFO  [Log] X 
2019-03-15 07:54:33,180 INFO  [Log] X 
2019-03-15 07:54:33,180 INFO  [Log] X 
2019-03-15 07:54:33,180 INFO  [Log] X 
2019-03-15 08:15:49,863 INFO  [Log] **************************************************************************************** 
2019-03-15 08:15:49,864 INFO  [Log] **************************************************************************************** 
2019-03-15 08:15:49,864 INFO  [Log] $$$$$$$$$$$$$$$$$$$$$                 Verify_01       $$$$$$$$$$$$$$$$$$$$$$$$$ 
2019-03-15 08:15:49,864 INFO  [Log] **************************************************************************************** 
2019-03-15 08:15:49,864 INFO  [Log] **************************************************************************************** 
2019-03-15 08:15:49,867 INFO  [Log] Opening Browser 
2019-03-15 08:15:49,971 INFO  [Log] Not able to open the Browser --- The driver executable does not exist: /Users/apple/eclipse-workspace/Excercise1_Asignment1_Driven_Keyword_LinhVTT2/chromedriver.exe 
2019-03-15 08:15:50,140 INFO  [Log] Closing the browser 
2019-03-15 08:15:50,141 ERROR [Log] Not able to Close the Browser --- null 
2019-03-15 08:15:50,225 INFO  [Log] XXXXXXXXXXXXXXXXXXXXXXX             -E---N---D-             XXXXXXXXXXXXXXXXXXXXXX 
2019-03-15 08:15:50,225 INFO  [Log] X 
2019-03-15 08:15:50,226 INFO  [Log] X 
2019-03-15 08:15:50,226 INFO  [Log] X 
2019-03-15 08:15:50,226 INFO  [Log] X 
2019-03-15 08:16:21,731 INFO  [Log] **************************************************************************************** 
2019-03-15 08:16:21,736 INFO  [Log] **************************************************************************************** 
2019-03-15 08:16:21,736 INFO  [Log] $$$$$$$$$$$$$$$$$$$$$                 Verify_01       $$$$$$$$$$$$$$$$$$$$$$$$$ 
2019-03-15 08:16:21,736 INFO  [Log] **************************************************************************************** 
2019-03-15 08:16:21,736 INFO  [Log] **************************************************************************************** 
2019-03-15 08:16:21,738 INFO  [Log] Opening Browser 
2019-03-15 08:16:24,259 INFO  [Log] Chrome browser started 
2019-03-15 08:16:24,463 INFO  [Log] maximize Browser 
2019-03-15 08:16:24,721 INFO  [Log] Navigating to URL 
2019-03-15 08:16:28,262 INFO  [Log] Select Dropdown on Webelement dropdown 
2019-03-15 08:16:28,464 INFO  [Log] select Book on Webelement selectbook 
2019-03-15 08:16:30,211 INFO  [Log] Entering the text in txtbx_SearchKey 
2019-03-15 08:16:30,512 INFO  [Log] Clicking on Webelement btn_Search 
2019-03-15 08:16:34,409 INFO  [Log] Clicking on Webelement linkText 
2019-03-15 08:16:37,174 INFO  [Log] Clicking on Webelement txt_Title 
2019-03-15 08:16:37,270 INFO  [Log] Closing the browser 
2019-03-15 08:16:37,494 INFO  [Log] XXXXXXXXXXXXXXXXXXXXXXX             -E---N---D-             XXXXXXXXXXXXXXXXXXXXXX 
2019-03-15 08:16:37,495 INFO  [Log] X 
2019-03-15 08:16:37,495 INFO  [Log] X 
2019-03-15 08:16:37,495 INFO  [Log] X 
2019-03-15 08:16:37,495 INFO  [Log] X 
2019-03-15 12:07:36,593 INFO  [Log] **************************************************************************************** 
2019-03-15 12:07:36,595 INFO  [Log] **************************************************************************************** 
2019-03-15 12:07:36,595 INFO  [Log] $$$$$$$$$$$$$$$$$$$$$                 Verify_01       $$$$$$$$$$$$$$$$$$$$$$$$$ 
2019-03-15 12:07:36,595 INFO  [Log] **************************************************************************************** 
2019-03-15 12:07:36,595 INFO  [Log] **************************************************************************************** 
2019-03-15 12:07:36,599 INFO  [Log] Opening Browser 
2019-03-15 12:07:39,098 INFO  [Log] Chrome browser started 
2019-03-15 12:07:39,449 INFO  [Log] maximize Browser 
2019-03-15 12:07:39,685 INFO  [Log] Navigating to URL 
2019-03-15 12:07:54,919 INFO  [Log] Select Dropdown on Webelement dropdown 
2019-03-15 12:07:55,041 INFO  [Log] select Book on Webelement selectbook 
2019-03-15 12:07:57,368 INFO  [Log] Entering the text in txtbx_SearchKey 
2019-03-15 12:07:57,627 INFO  [Log] Clicking on Webelement btn_Search 
2019-03-15 12:08:09,359 INFO  [Log] Clicking on Webelement linkText 
2019-03-15 12:08:27,279 INFO  [Log] Clicking on Webelement txt_Title 
2019-03-15 12:08:27,426 INFO  [Log] Closing the browser 
2019-03-15 12:08:27,856 INFO  [Log] XXXXXXXXXXXXXXXXXXXXXXX             -E---N---D-             XXXXXXXXXXXXXXXXXXXXXX 
2019-03-15 12:08:27,857 INFO  [Log] X 
2019-03-15 12:08:27,857 INFO  [Log] X 
2019-03-15 12:08:27,857 INFO  [Log] X 
2019-03-15 12:08:27,857 INFO  [Log] X 
2019-03-17 12:01:17,186 INFO  [Log] **************************************************************************************** 
2019-03-17 12:01:17,187 INFO  [Log] **************************************************************************************** 
2019-03-17 12:01:17,187 INFO  [Log] $$$$$$$$$$$$$$$$$$$$$                 Verify_01       $$$$$$$$$$$$$$$$$$$$$$$$$ 
2019-03-17 12:01:17,187 INFO  [Log] **************************************************************************************** 
2019-03-17 12:01:17,187 INFO  [Log] **************************************************************************************** 
2019-03-17 12:01:17,190 INFO  [Log] Opening Browser 
2019-03-17 12:01:19,645 INFO  [Log] Chrome browser started 
2019-03-17 12:01:19,857 INFO  [Log] maximize Browser 
2019-03-17 12:01:20,103 INFO  [Log] Navigating to URL 
2019-03-17 12:01:22,859 INFO  [Log] Select Dropdown on Webelement dropdown 
2019-03-17 12:01:24,588 INFO  [Log] select Book on Webelement selectbook 
2019-03-17 12:01:24,775 INFO  [Log] Entering the text in txtbx_SearchKey 
2019-03-17 12:01:25,045 INFO  [Log] Clicking on Webelement btn_Search 
2019-03-17 12:01:30,464 INFO  [Log] Clicking on Webelement linkText 
2019-03-17 12:01:33,641 INFO  [Log] Clicking on Webelement txt_Title 
2019-03-17 12:01:33,750 INFO  [Log] Wait for 5 seconds 
2019-03-17 12:01:38,807 INFO  [Log] Closing the browser 
2019-03-17 12:01:39,139 INFO  [Log] XXXXXXXXXXXXXXXXXXXXXXX             -E---N---D-             XXXXXXXXXXXXXXXXXXXXXX 
2019-03-17 12:01:39,139 INFO  [Log] X 
2019-03-17 12:01:39,139 INFO  [Log] X 
2019-03-17 12:01:39,139 INFO  [Log] X 
2019-03-17 12:01:39,139 INFO  [Log] X 
