2019-03-15 11:39:03,280 INFO  [Log] **************************************************************************************** 
2019-03-15 11:39:03,281 INFO  [Log] **************************************************************************************** 
2019-03-15 11:39:03,281 INFO  [Log] $$$$$$$$$$$$$$$$$$$$$                 Verify_01       $$$$$$$$$$$$$$$$$$$$$$$$$ 
2019-03-15 11:39:03,281 INFO  [Log] **************************************************************************************** 
2019-03-15 11:39:03,281 INFO  [Log] **************************************************************************************** 
2019-03-15 11:39:03,283 INFO  [Log] Opening Browser 
2019-03-15 11:39:05,801 INFO  [Log] Chrome browser started 
2019-03-15 11:39:06,067 INFO  [Log] Navigating to URL 
2019-03-15 11:39:12,756 INFO  [Log] Verify display itempage_title 
2019-03-15 11:39:12,756 ERROR [Log] Not able display --- null 
2019-03-15 11:39:12,836 INFO  [Log] Closing the browser 
2019-03-15 11:39:13,128 INFO  [Log] XXXXXXXXXXXXXXXXXXXXXXX             -E---N---D-             XXXXXXXXXXXXXXXXXXXXXX 
2019-03-15 11:39:13,129 INFO  [Log] X 
2019-03-15 11:39:13,129 INFO  [Log] X 
2019-03-15 11:39:13,129 INFO  [Log] X 
2019-03-15 11:39:13,129 INFO  [Log] X 
2019-03-15 11:43:47,520 INFO  [Log] **************************************************************************************** 
2019-03-15 11:43:47,522 INFO  [Log] **************************************************************************************** 
2019-03-15 11:43:47,522 INFO  [Log] $$$$$$$$$$$$$$$$$$$$$                 Verify_01       $$$$$$$$$$$$$$$$$$$$$$$$$ 
2019-03-15 11:43:47,522 INFO  [Log] **************************************************************************************** 
2019-03-15 11:43:47,522 INFO  [Log] **************************************************************************************** 
2019-03-15 11:43:47,524 INFO  [Log] Opening Browser 
2019-03-15 11:43:50,054 INFO  [Log] Chrome browser started 
2019-03-15 11:43:50,412 INFO  [Log] Navigating to URL 
2019-03-15 11:44:05,787 INFO  [Log] Verify display itempage_title 
2019-03-15 11:44:05,788 ERROR [Log] Not able display --- null 
2019-03-15 11:44:05,865 INFO  [Log] Closing the browser 
2019-03-15 11:44:06,048 INFO  [Log] XXXXXXXXXXXXXXXXXXXXXXX             -E---N---D-             XXXXXXXXXXXXXXXXXXXXXX 
2019-03-15 11:44:06,048 INFO  [Log] X 
2019-03-15 11:44:06,048 INFO  [Log] X 
2019-03-15 11:44:06,048 INFO  [Log] X 
2019-03-15 11:44:06,048 INFO  [Log] X 
2019-03-15 12:09:39,793 INFO  [Log] **************************************************************************************** 
2019-03-15 12:09:39,794 INFO  [Log] **************************************************************************************** 
2019-03-15 12:09:39,794 INFO  [Log] $$$$$$$$$$$$$$$$$$$$$                 Verify_01       $$$$$$$$$$$$$$$$$$$$$$$$$ 
2019-03-15 12:09:39,794 INFO  [Log] **************************************************************************************** 
2019-03-15 12:09:39,794 INFO  [Log] **************************************************************************************** 
2019-03-15 12:09:39,796 INFO  [Log] Opening Browser 
2019-03-15 12:09:42,156 INFO  [Log] Chrome browser started 
2019-03-15 12:09:42,491 INFO  [Log] Navigating to URL 
2019-03-15 12:09:52,766 INFO  [Log] Verify display itempage_title 
2019-03-15 12:09:52,878 INFO  [Log] Closing the browser 
2019-03-15 12:09:53,177 INFO  [Log] XXXXXXXXXXXXXXXXXXXXXXX             -E---N---D-             XXXXXXXXXXXXXXXXXXXXXX 
2019-03-15 12:09:53,177 INFO  [Log] X 
2019-03-15 12:09:53,177 INFO  [Log] X 
2019-03-15 12:09:53,177 INFO  [Log] X 
2019-03-15 12:09:53,177 INFO  [Log] X 
2019-03-15 12:14:41,097 INFO  [Log] **************************************************************************************** 
2019-03-15 12:14:41,098 INFO  [Log] **************************************************************************************** 
2019-03-15 12:14:41,098 INFO  [Log] $$$$$$$$$$$$$$$$$$$$$                 Verify_01       $$$$$$$$$$$$$$$$$$$$$$$$$ 
2019-03-15 12:14:41,098 INFO  [Log] **************************************************************************************** 
2019-03-15 12:14:41,098 INFO  [Log] **************************************************************************************** 
2019-03-15 12:14:41,101 INFO  [Log] Opening Browser 
2019-03-15 12:14:43,975 INFO  [Log] Chrome browser started 
2019-03-15 12:14:44,534 INFO  [Log] Navigating to URL 
2019-03-15 12:14:51,888 INFO  [Log] Verify display correct page_title 
2019-03-15 12:14:52,013 INFO  [Log] Closing the browser 
2019-03-15 12:14:52,326 INFO  [Log] XXXXXXXXXXXXXXXXXXXXXXX             -E---N---D-             XXXXXXXXXXXXXXXXXXXXXX 
2019-03-15 12:14:52,326 INFO  [Log] X 
2019-03-15 12:14:52,326 INFO  [Log] X 
2019-03-15 12:14:52,327 INFO  [Log] X 
2019-03-15 12:14:52,327 INFO  [Log] X 
2019-03-15 12:17:10,503 INFO  [Log] **************************************************************************************** 
2019-03-15 12:17:10,503 INFO  [Log] **************************************************************************************** 
2019-03-15 12:17:10,503 INFO  [Log] $$$$$$$$$$$$$$$$$$$$$                 Verify_01       $$$$$$$$$$$$$$$$$$$$$$$$$ 
2019-03-15 12:17:10,503 INFO  [Log] **************************************************************************************** 
2019-03-15 12:17:10,503 INFO  [Log] **************************************************************************************** 
2019-03-15 12:17:10,506 INFO  [Log] Opening Browser 
2019-03-15 12:17:12,466 INFO  [Log] Chrome browser started 
2019-03-15 12:17:12,718 INFO  [Log] Navigating to URL 
2019-03-15 12:17:19,958 INFO  [Log] Verify display correct page_title 
2019-03-15 12:17:20,062 INFO  [Log] Closing the browser 
2019-03-15 12:17:20,363 INFO  [Log] XXXXXXXXXXXXXXXXXXXXXXX             -E---N---D-             XXXXXXXXXXXXXXXXXXXXXX 
2019-03-15 12:17:20,364 INFO  [Log] X 
2019-03-15 12:17:20,364 INFO  [Log] X 
2019-03-15 12:17:20,364 INFO  [Log] X 
2019-03-15 12:17:20,364 INFO  [Log] X 
2019-03-15 12:18:34,884 INFO  [Log] **************************************************************************************** 
2019-03-15 12:18:34,884 INFO  [Log] **************************************************************************************** 
2019-03-15 12:18:34,884 INFO  [Log] $$$$$$$$$$$$$$$$$$$$$                 Verify_01       $$$$$$$$$$$$$$$$$$$$$$$$$ 
2019-03-15 12:18:34,884 INFO  [Log] **************************************************************************************** 
2019-03-15 12:18:34,884 INFO  [Log] **************************************************************************************** 
2019-03-15 12:18:34,886 INFO  [Log] Opening Browser 
2019-03-15 12:18:36,952 INFO  [Log] Chrome browser started 
2019-03-15 12:18:37,215 INFO  [Log] Navigating to URL 
2019-03-15 12:18:44,798 INFO  [Log] Verify display correct page_title 
2019-03-15 12:21:09,316 INFO  [Log] **************************************************************************************** 
2019-03-15 12:21:09,318 INFO  [Log] **************************************************************************************** 
2019-03-15 12:21:09,318 INFO  [Log] $$$$$$$$$$$$$$$$$$$$$                 Verify_01       $$$$$$$$$$$$$$$$$$$$$$$$$ 
2019-03-15 12:21:09,318 INFO  [Log] **************************************************************************************** 
2019-03-15 12:21:09,318 INFO  [Log] **************************************************************************************** 
2019-03-15 12:21:09,321 INFO  [Log] Opening Browser 
2019-03-15 12:21:11,686 INFO  [Log] Chrome browser started 
2019-03-15 12:21:11,978 INFO  [Log] Navigating to URL 
2019-03-15 12:21:19,164 INFO  [Log] Verify display itempage_logo 
2019-03-15 12:21:19,267 INFO  [Log] Verify display itemsearch-input 
2019-03-15 12:21:19,364 INFO  [Log] Verify display itemsearch_button 
2019-03-15 12:21:19,462 INFO  [Log] Entering the text in search_input 
2019-03-15 12:21:19,462 ERROR [Log] Not able to Enter Text --- Cannot find elements when the XPath is null. 
2019-03-15 12:21:19,521 INFO  [Log] Closing the browser 
2019-03-15 12:21:19,815 INFO  [Log] XXXXXXXXXXXXXXXXXXXXXXX             -E---N---D-             XXXXXXXXXXXXXXXXXXXXXX 
2019-03-15 12:21:19,816 INFO  [Log] X 
2019-03-15 12:21:19,816 INFO  [Log] X 
2019-03-15 12:21:19,816 INFO  [Log] X 
2019-03-15 12:21:19,816 INFO  [Log] X 
2019-03-15 12:24:50,380 INFO  [Log] **************************************************************************************** 
2019-03-15 12:24:50,380 INFO  [Log] **************************************************************************************** 
2019-03-15 12:24:50,380 INFO  [Log] $$$$$$$$$$$$$$$$$$$$$                 Verify_01       $$$$$$$$$$$$$$$$$$$$$$$$$ 
2019-03-15 12:24:50,380 INFO  [Log] **************************************************************************************** 
2019-03-15 12:24:50,380 INFO  [Log] **************************************************************************************** 
2019-03-15 12:24:50,382 INFO  [Log] Opening Browser 
2019-03-15 12:24:52,502 INFO  [Log] Chrome browser started 
2019-03-15 12:24:52,795 INFO  [Log] Navigating to URL 
2019-03-15 12:25:00,226 INFO  [Log] Verify display itempage_logo 
2019-03-15 12:25:00,335 INFO  [Log] Verify display itemsearch-input 
2019-03-15 12:25:00,460 INFO  [Log] Verify display itemsearch_button 
2019-03-15 12:25:00,565 INFO  [Log] Entering the text in key_input 
2019-03-15 12:25:00,945 INFO  [Log] XXXXXXXXXXXXXXXXXXXXXXX             -E---N---D-             XXXXXXXXXXXXXXXXXXXXXX 
2019-03-15 12:25:00,945 INFO  [Log] X 
2019-03-15 12:25:00,945 INFO  [Log] X 
2019-03-15 12:25:00,946 INFO  [Log] X 
2019-03-15 12:25:00,946 INFO  [Log] X 
2019-03-15 12:26:55,489 INFO  [Log] **************************************************************************************** 
2019-03-15 12:26:55,490 INFO  [Log] **************************************************************************************** 
2019-03-15 12:26:55,490 INFO  [Log] $$$$$$$$$$$$$$$$$$$$$                 Verify_01       $$$$$$$$$$$$$$$$$$$$$$$$$ 
2019-03-15 12:26:55,490 INFO  [Log] **************************************************************************************** 
2019-03-15 12:26:55,490 INFO  [Log] **************************************************************************************** 
2019-03-15 12:26:55,492 INFO  [Log] Opening Browser 
2019-03-15 12:26:57,468 INFO  [Log] Chrome browser started 
2019-03-15 12:26:57,812 INFO  [Log] Navigating to URL 
2019-03-15 12:27:06,585 INFO  [Log] Verify display itempage_logo 
2019-03-15 12:27:06,696 INFO  [Log] Verify display itemsearch-input 
2019-03-15 12:27:06,785 INFO  [Log] Verify display itemsearch_button 
2019-03-15 12:27:06,873 INFO  [Log] Entering the text in key_input 
2019-03-15 12:27:07,267 INFO  [Log] XXXXXXXXXXXXXXXXXXXXXXX             -E---N---D-             XXXXXXXXXXXXXXXXXXXXXX 
2019-03-15 12:27:07,267 INFO  [Log] X 
2019-03-15 12:27:07,267 INFO  [Log] X 
2019-03-15 12:27:07,267 INFO  [Log] X 
2019-03-15 12:27:07,267 INFO  [Log] X 
2019-03-15 12:29:13,185 INFO  [Log] **************************************************************************************** 
2019-03-15 12:29:13,185 INFO  [Log] **************************************************************************************** 
2019-03-15 12:29:13,186 INFO  [Log] $$$$$$$$$$$$$$$$$$$$$                 Verify_01       $$$$$$$$$$$$$$$$$$$$$$$$$ 
2019-03-15 12:29:13,186 INFO  [Log] **************************************************************************************** 
2019-03-15 12:29:13,186 INFO  [Log] **************************************************************************************** 
2019-03-15 12:29:13,188 INFO  [Log] Opening Browser 
2019-03-15 12:29:15,052 INFO  [Log] Chrome browser started 
2019-03-15 12:29:15,386 INFO  [Log] Navigating to URL 
2019-03-15 12:29:22,509 INFO  [Log] Verify display itempage_logo 
2019-03-15 12:29:22,619 INFO  [Log] Verify display itemsearch-input 
2019-03-15 12:29:22,718 INFO  [Log] Verify display itemsearch_button 
2019-03-15 12:29:22,808 INFO  [Log] Entering the text in key_input 
2019-03-15 12:29:23,192 INFO  [Log] XXXXXXXXXXXXXXXXXXXXXXX             -E---N---D-             XXXXXXXXXXXXXXXXXXXXXX 
2019-03-15 12:29:23,192 INFO  [Log] X 
2019-03-15 12:29:23,192 INFO  [Log] X 
2019-03-15 12:29:23,192 INFO  [Log] X 
2019-03-15 12:29:23,193 INFO  [Log] X 
2019-03-15 12:30:26,472 INFO  [Log] **************************************************************************************** 
2019-03-15 12:30:26,474 INFO  [Log] **************************************************************************************** 
2019-03-15 12:30:26,474 INFO  [Log] $$$$$$$$$$$$$$$$$$$$$                 Verify_01       $$$$$$$$$$$$$$$$$$$$$$$$$ 
2019-03-15 12:30:26,474 INFO  [Log] **************************************************************************************** 
2019-03-15 12:30:26,474 INFO  [Log] **************************************************************************************** 
2019-03-15 12:30:26,476 INFO  [Log] Opening Browser 
2019-03-15 12:30:28,573 INFO  [Log] Chrome browser started 
2019-03-15 12:30:28,851 INFO  [Log] Navigating to URL 
2019-03-15 12:30:36,163 INFO  [Log] Verify display itempage_logo 
2019-03-15 12:30:36,281 INFO  [Log] Verify display itemsearch-input 
2019-03-15 12:30:36,390 INFO  [Log] Verify display itemsearch_button 
2019-03-15 12:30:36,507 INFO  [Log] Entering the text in key_input 
2019-03-15 12:30:36,936 INFO  [Log] XXXXXXXXXXXXXXXXXXXXXXX             -E---N---D-             XXXXXXXXXXXXXXXXXXXXXX 
2019-03-15 12:30:36,936 INFO  [Log] X 
2019-03-15 12:30:36,936 INFO  [Log] X 
2019-03-15 12:30:36,936 INFO  [Log] X 
2019-03-15 12:30:36,936 INFO  [Log] X 
2019-03-15 12:52:16,168 INFO  [Log] **************************************************************************************** 
2019-03-15 12:52:16,169 INFO  [Log] **************************************************************************************** 
2019-03-15 12:52:16,169 INFO  [Log] $$$$$$$$$$$$$$$$$$$$$                 Verify_01       $$$$$$$$$$$$$$$$$$$$$$$$$ 
2019-03-15 12:52:16,169 INFO  [Log] **************************************************************************************** 
2019-03-15 12:52:16,169 INFO  [Log] **************************************************************************************** 
2019-03-15 12:52:16,172 INFO  [Log] Opening Browser 
2019-03-15 12:52:18,462 INFO  [Log] Chrome browser started 
2019-03-15 12:52:18,787 INFO  [Log] Navigating to URL 
2019-03-15 12:52:27,163 INFO  [Log] Verify display correct page_title 
2019-03-15 12:52:27,269 INFO  [Log] Closing the browser 
2019-03-15 12:52:27,555 INFO  [Log] XXXXXXXXXXXXXXXXXXXXXXX             -E---N---D-             XXXXXXXXXXXXXXXXXXXXXX 
2019-03-15 12:52:27,555 INFO  [Log] X 
2019-03-15 12:52:27,555 INFO  [Log] X 
2019-03-15 12:52:27,556 INFO  [Log] X 
2019-03-15 12:52:27,556 INFO  [Log] X 
2019-03-15 13:16:57,352 INFO  [Log] **************************************************************************************** 
2019-03-15 13:16:57,354 INFO  [Log] **************************************************************************************** 
2019-03-15 13:16:57,354 INFO  [Log] $$$$$$$$$$$$$$$$$$$$$                 Verify_01       $$$$$$$$$$$$$$$$$$$$$$$$$ 
2019-03-15 13:16:57,354 INFO  [Log] **************************************************************************************** 
2019-03-15 13:16:57,354 INFO  [Log] **************************************************************************************** 
2019-03-15 13:16:57,357 INFO  [Log] Opening Browser 
2019-03-15 13:16:59,783 INFO  [Log] Chrome browser started 
2019-03-15 13:17:00,031 INFO  [Log] Navigating to URL 
2019-03-15 13:17:07,003 INFO  [Log] Verify display correct page_title 
2019-03-15 13:17:07,106 INFO  [Log] Closing the browser 
2019-03-15 13:17:07,323 INFO  [Log] XXXXXXXXXXXXXXXXXXXXXXX             -E---N---D-             XXXXXXXXXXXXXXXXXXXXXX 
2019-03-15 13:17:07,323 INFO  [Log] X 
2019-03-15 13:17:07,323 INFO  [Log] X 
2019-03-15 13:17:07,323 INFO  [Log] X 
2019-03-15 13:17:07,323 INFO  [Log] X 
2019-03-15 13:17:30,016 INFO  [Log] **************************************************************************************** 
2019-03-15 13:17:30,016 INFO  [Log] **************************************************************************************** 
2019-03-15 13:17:30,017 INFO  [Log] $$$$$$$$$$$$$$$$$$$$$                 Verify_01       $$$$$$$$$$$$$$$$$$$$$$$$$ 
2019-03-15 13:17:30,017 INFO  [Log] **************************************************************************************** 
2019-03-15 13:17:30,017 INFO  [Log] **************************************************************************************** 
2019-03-15 13:17:30,019 INFO  [Log] Opening Browser 
2019-03-15 13:17:31,905 INFO  [Log] Chrome browser started 
2019-03-15 13:17:32,187 INFO  [Log] Navigating to URL 
2019-03-15 13:17:39,392 INFO  [Log] Verify display correct page_title 
2019-03-15 13:17:39,497 INFO  [Log] Closing the browser 
2019-03-15 13:17:39,784 INFO  [Log] XXXXXXXXXXXXXXXXXXXXXXX             -E---N---D-             XXXXXXXXXXXXXXXXXXXXXX 
2019-03-15 13:17:39,784 INFO  [Log] X 
2019-03-15 13:17:39,784 INFO  [Log] X 
2019-03-15 13:17:39,784 INFO  [Log] X 
2019-03-15 13:17:39,784 INFO  [Log] X 
2019-03-15 13:19:48,603 INFO  [Log] **************************************************************************************** 
2019-03-15 13:19:48,604 INFO  [Log] **************************************************************************************** 
2019-03-15 13:19:48,604 INFO  [Log] $$$$$$$$$$$$$$$$$$$$$                 Verify_01       $$$$$$$$$$$$$$$$$$$$$$$$$ 
2019-03-15 13:19:48,604 INFO  [Log] **************************************************************************************** 
2019-03-15 13:19:48,604 INFO  [Log] **************************************************************************************** 
2019-03-15 13:19:48,606 INFO  [Log] Opening Browser 
2019-03-15 13:19:50,430 INFO  [Log] Chrome browser started 
2019-03-15 13:19:50,707 INFO  [Log] Navigating to URL 
2019-03-15 13:19:57,884 INFO  [Log] Verify display correct page_title 
2019-03-15 13:19:57,999 INFO  [Log] Closing the browser 
2019-03-15 13:19:58,291 INFO  [Log] XXXXXXXXXXXXXXXXXXXXXXX             -E---N---D-             XXXXXXXXXXXXXXXXXXXXXX 
2019-03-15 13:19:58,292 INFO  [Log] X 
2019-03-15 13:19:58,292 INFO  [Log] X 
2019-03-15 13:19:58,292 INFO  [Log] X 
2019-03-15 13:19:58,292 INFO  [Log] X 
2019-03-15 13:21:32,683 INFO  [Log] **************************************************************************************** 
2019-03-15 13:21:32,684 INFO  [Log] **************************************************************************************** 
2019-03-15 13:21:32,684 INFO  [Log] $$$$$$$$$$$$$$$$$$$$$                 Verify_01       $$$$$$$$$$$$$$$$$$$$$$$$$ 
2019-03-15 13:21:32,684 INFO  [Log] **************************************************************************************** 
2019-03-15 13:21:32,684 INFO  [Log] **************************************************************************************** 
2019-03-15 13:21:32,686 INFO  [Log] Opening Browser 
2019-03-15 13:21:34,610 INFO  [Log] Chrome browser started 
2019-03-15 13:21:34,873 INFO  [Log] Navigating to URL 
2019-03-15 13:21:42,175 INFO  [Log] Verify display correct page_title 
2019-03-15 13:21:42,286 INFO  [Log] Closing the browser 
2019-03-15 13:21:42,569 INFO  [Log] XXXXXXXXXXXXXXXXXXXXXXX             -E---N---D-             XXXXXXXXXXXXXXXXXXXXXX 
2019-03-15 13:21:42,569 INFO  [Log] X 
2019-03-15 13:21:42,569 INFO  [Log] X 
2019-03-15 13:21:42,569 INFO  [Log] X 
2019-03-15 13:21:42,569 INFO  [Log] X 
2019-03-15 13:24:30,819 INFO  [Log] **************************************************************************************** 
2019-03-15 13:24:30,820 INFO  [Log] **************************************************************************************** 
2019-03-15 13:24:30,820 INFO  [Log] $$$$$$$$$$$$$$$$$$$$$                 Verify_01       $$$$$$$$$$$$$$$$$$$$$$$$$ 
2019-03-15 13:24:30,820 INFO  [Log] **************************************************************************************** 
2019-03-15 13:24:30,820 INFO  [Log] **************************************************************************************** 
2019-03-15 13:24:30,822 INFO  [Log] Opening Browser 
2019-03-15 13:24:32,688 INFO  [Log] Chrome browser started 
2019-03-15 13:24:32,977 INFO  [Log] Navigating to URL 
2019-03-15 13:24:40,501 INFO  [Log] Verify display correct page_title 
2019-03-15 13:25:36,764 INFO  [Log] **************************************************************************************** 
2019-03-15 13:25:36,765 INFO  [Log] **************************************************************************************** 
2019-03-15 13:25:36,765 INFO  [Log] $$$$$$$$$$$$$$$$$$$$$                 Verify_01       $$$$$$$$$$$$$$$$$$$$$$$$$ 
2019-03-15 13:25:36,765 INFO  [Log] **************************************************************************************** 
2019-03-15 13:25:36,765 INFO  [Log] **************************************************************************************** 
2019-03-15 13:25:36,767 INFO  [Log] Opening Browser 
2019-03-15 13:25:39,009 INFO  [Log] Chrome browser started 
2019-03-15 13:25:39,317 INFO  [Log] Navigating to URL 
2019-03-15 13:25:46,657 INFO  [Log] Verify display correct page_title 
2019-03-15 13:25:46,767 INFO  [Log] Closing the browser 
2019-03-15 13:25:46,972 INFO  [Log] XXXXXXXXXXXXXXXXXXXXXXX             -E---N---D-             XXXXXXXXXXXXXXXXXXXXXX 
2019-03-15 13:25:46,972 INFO  [Log] X 
2019-03-15 13:25:46,972 INFO  [Log] X 
2019-03-15 13:25:46,972 INFO  [Log] X 
2019-03-15 13:25:46,972 INFO  [Log] X 
2019-03-15 13:26:56,300 INFO  [Log] **************************************************************************************** 
2019-03-15 13:26:56,300 INFO  [Log] **************************************************************************************** 
2019-03-15 13:26:56,300 INFO  [Log] $$$$$$$$$$$$$$$$$$$$$                 Verify_01       $$$$$$$$$$$$$$$$$$$$$$$$$ 
2019-03-15 13:26:56,300 INFO  [Log] **************************************************************************************** 
2019-03-15 13:26:56,301 INFO  [Log] **************************************************************************************** 
2019-03-15 13:26:56,303 INFO  [Log] Opening Browser 
2019-03-15 13:26:58,215 INFO  [Log] Chrome browser started 
2019-03-15 13:26:58,649 INFO  [Log] Navigating to URL 
2019-03-15 13:27:06,665 INFO  [Log] Verify display correct page_title 
2019-03-15 13:27:06,762 INFO  [Log] Verify display itempage_logo 
2019-03-15 13:27:06,855 INFO  [Log] Verify display itemsearch-input 
2019-03-15 13:27:06,952 INFO  [Log] Verify display itemsearch_button 
2019-03-15 13:27:07,045 INFO  [Log] Entering the text in key_input 
2019-03-15 13:27:07,464 INFO  [Log] XXXXXXXXXXXXXXXXXXXXXXX             -E---N---D-             XXXXXXXXXXXXXXXXXXXXXX 
2019-03-15 13:27:07,464 INFO  [Log] X 
2019-03-15 13:27:07,464 INFO  [Log] X 
2019-03-15 13:27:07,464 INFO  [Log] X 
2019-03-15 13:27:07,464 INFO  [Log] X 
2019-03-15 13:29:47,041 INFO  [Log] **************************************************************************************** 
2019-03-15 13:29:47,042 INFO  [Log] **************************************************************************************** 
2019-03-15 13:29:47,042 INFO  [Log] $$$$$$$$$$$$$$$$$$$$$                 Verify_01       $$$$$$$$$$$$$$$$$$$$$$$$$ 
2019-03-15 13:29:47,042 INFO  [Log] **************************************************************************************** 
2019-03-15 13:29:47,042 INFO  [Log] **************************************************************************************** 
2019-03-15 13:29:47,044 INFO  [Log] Opening Browser 
2019-03-15 13:29:49,350 INFO  [Log] Chrome browser started 
2019-03-15 13:29:49,705 INFO  [Log] Navigating to URL 
2019-03-15 13:29:56,923 INFO  [Log] Verify display correct page_title 
2019-03-15 13:29:57,030 INFO  [Log] Closing the browser 
2019-03-15 13:29:57,277 INFO  [Log] XXXXXXXXXXXXXXXXXXXXXXX             -E---N---D-             XXXXXXXXXXXXXXXXXXXXXX 
2019-03-15 13:29:57,277 INFO  [Log] X 
2019-03-15 13:29:57,278 INFO  [Log] X 
2019-03-15 13:29:57,278 INFO  [Log] X 
2019-03-15 13:29:57,278 INFO  [Log] X 
2019-03-15 13:48:03,906 INFO  [Log] **************************************************************************************** 
2019-03-15 13:48:03,907 INFO  [Log] **************************************************************************************** 
2019-03-15 13:48:03,907 INFO  [Log] $$$$$$$$$$$$$$$$$$$$$                 Verify_01       $$$$$$$$$$$$$$$$$$$$$$$$$ 
2019-03-15 13:48:03,907 INFO  [Log] **************************************************************************************** 
2019-03-15 13:48:03,907 INFO  [Log] **************************************************************************************** 
2019-03-15 13:48:03,910 INFO  [Log] Opening Browser 
2019-03-15 13:48:06,258 INFO  [Log] Chrome browser started 
2019-03-15 13:48:06,517 INFO  [Log] Navigating to URL 
2019-03-15 13:48:07,588 INFO  [Log] Verify display itempage_title 
2019-03-15 13:48:07,685 INFO  [Log] Closing the browser 
2019-03-15 13:48:08,001 INFO  [Log] XXXXXXXXXXXXXXXXXXXXXXX             -E---N---D-             XXXXXXXXXXXXXXXXXXXXXX 
2019-03-15 13:48:08,002 INFO  [Log] X 
2019-03-15 13:48:08,002 INFO  [Log] X 
2019-03-15 13:48:08,002 INFO  [Log] X 
2019-03-15 13:48:08,002 INFO  [Log] X 
2019-03-15 13:48:47,532 INFO  [Log] **************************************************************************************** 
2019-03-15 13:48:47,533 INFO  [Log] **************************************************************************************** 
2019-03-15 13:48:47,533 INFO  [Log] $$$$$$$$$$$$$$$$$$$$$                 Verify_01       $$$$$$$$$$$$$$$$$$$$$$$$$ 
2019-03-15 13:48:47,533 INFO  [Log] **************************************************************************************** 
2019-03-15 13:48:47,533 INFO  [Log] **************************************************************************************** 
2019-03-15 13:48:47,536 INFO  [Log] Opening Browser 
2019-03-15 13:48:49,662 INFO  [Log] Chrome browser started 
2019-03-15 13:48:50,041 INFO  [Log] Navigating to URL 
2019-03-15 13:49:04,564 INFO  [Log] Verify display itempage_title 
2019-03-15 13:49:04,661 INFO  [Log] Verify display itempage_logo 
2019-03-15 13:49:04,783 INFO  [Log] Verify display itemsearch-input 
2019-03-15 13:49:04,931 INFO  [Log] Verify display itemsearch_button 
2019-03-15 13:49:05,043 INFO  [Log] Entering the text in key_input 
2019-03-15 13:49:05,487 INFO  [Log] XXXXXXXXXXXXXXXXXXXXXXX             -E---N---D-             XXXXXXXXXXXXXXXXXXXXXX 
2019-03-15 13:49:05,487 INFO  [Log] X 
2019-03-15 13:49:05,487 INFO  [Log] X 
2019-03-15 13:49:05,487 INFO  [Log] X 
2019-03-15 13:49:05,487 INFO  [Log] X 
2019-03-15 13:50:29,433 INFO  [Log] **************************************************************************************** 
2019-03-15 13:50:29,434 INFO  [Log] **************************************************************************************** 
2019-03-15 13:50:29,434 INFO  [Log] $$$$$$$$$$$$$$$$$$$$$                 Verify_01       $$$$$$$$$$$$$$$$$$$$$$$$$ 
2019-03-15 13:50:29,434 INFO  [Log] **************************************************************************************** 
2019-03-15 13:50:29,434 INFO  [Log] **************************************************************************************** 
2019-03-15 13:50:29,436 INFO  [Log] Opening Browser 
2019-03-15 13:50:31,838 INFO  [Log] Chrome browser started 
2019-03-15 13:50:32,108 INFO  [Log] Navigating to URL 
2019-03-15 13:50:41,559 INFO  [Log] Verify display itempage_title 
2019-03-15 13:50:41,641 INFO  [Log] Verify display itempage_logo 
2019-03-15 13:50:41,750 INFO  [Log] Verify display itemsearch-input 
2019-03-15 13:50:41,845 INFO  [Log] Verify display itemsearch_button 
2019-03-15 13:50:41,934 INFO  [Log] Entering the text in key_input 
2019-03-15 13:50:42,385 INFO  [Log] XXXXXXXXXXXXXXXXXXXXXXX             -E---N---D-             XXXXXXXXXXXXXXXXXXXXXX 
2019-03-15 13:50:42,386 INFO  [Log] X 
2019-03-15 13:50:42,386 INFO  [Log] X 
2019-03-15 13:50:42,386 INFO  [Log] X 
2019-03-15 13:50:42,386 INFO  [Log] X 
2019-03-15 13:51:23,430 INFO  [Log] **************************************************************************************** 
2019-03-15 13:51:23,431 INFO  [Log] **************************************************************************************** 
2019-03-15 13:51:23,431 INFO  [Log] $$$$$$$$$$$$$$$$$$$$$                 Verify_01       $$$$$$$$$$$$$$$$$$$$$$$$$ 
2019-03-15 13:51:23,431 INFO  [Log] **************************************************************************************** 
2019-03-15 13:51:23,431 INFO  [Log] **************************************************************************************** 
2019-03-15 13:51:23,433 INFO  [Log] Opening Browser 
2019-03-15 13:51:25,537 INFO  [Log] Chrome browser started 
2019-03-15 13:51:25,837 INFO  [Log] Navigating to URL 
2019-03-15 13:51:35,623 INFO  [Log] Verify display itempage_title 
2019-03-15 13:51:35,705 INFO  [Log] Verify display itempage_logo 
2019-03-15 13:51:35,810 INFO  [Log] Verify display itemsearch-input 
2019-03-15 13:51:35,915 INFO  [Log] Verify display itemsearch_button 
2019-03-15 13:51:36,005 INFO  [Log] Entering the text in key_input 
2019-03-15 13:51:36,383 INFO  [Log] XXXXXXXXXXXXXXXXXXXXXXX             -E---N---D-             XXXXXXXXXXXXXXXXXXXXXX 
2019-03-15 13:51:36,384 INFO  [Log] X 
2019-03-15 13:51:36,384 INFO  [Log] X 
2019-03-15 13:51:36,384 INFO  [Log] X 
2019-03-15 13:51:36,384 INFO  [Log] X 
2019-03-15 13:54:13,332 INFO  [Log] **************************************************************************************** 
2019-03-15 13:54:13,332 INFO  [Log] **************************************************************************************** 
2019-03-15 13:54:13,333 INFO  [Log] $$$$$$$$$$$$$$$$$$$$$                 Verify_01       $$$$$$$$$$$$$$$$$$$$$$$$$ 
2019-03-15 13:54:13,333 INFO  [Log] **************************************************************************************** 
2019-03-15 13:54:13,333 INFO  [Log] **************************************************************************************** 
2019-03-15 13:54:13,335 INFO  [Log] Opening Browser 
2019-03-15 13:54:15,552 INFO  [Log] Chrome browser started 
2019-03-15 13:54:15,819 INFO  [Log] Navigating to URL 
2019-03-15 13:54:24,933 INFO  [Log] Verify display itempage_title 
2019-03-15 13:54:25,014 INFO  [Log] Verify display itempage_logo 
2019-03-15 13:54:25,123 INFO  [Log] Verify display itemsearch-input 
2019-03-15 13:54:25,224 INFO  [Log] Verify display itemsearch_button 
2019-03-15 13:54:25,311 INFO  [Log] Entering the text in key_input 
2019-03-15 13:54:25,794 INFO  [Log] XXXXXXXXXXXXXXXXXXXXXXX             -E---N---D-             XXXXXXXXXXXXXXXXXXXXXX 
2019-03-15 13:54:25,794 INFO  [Log] X 
2019-03-15 13:54:25,794 INFO  [Log] X 
2019-03-15 13:54:25,794 INFO  [Log] X 
2019-03-15 13:54:25,794 INFO  [Log] X 
2019-03-15 13:57:48,048 INFO  [Log] **************************************************************************************** 
2019-03-15 13:57:48,049 INFO  [Log] **************************************************************************************** 
2019-03-15 13:57:48,050 INFO  [Log] $$$$$$$$$$$$$$$$$$$$$                 Verify_01       $$$$$$$$$$$$$$$$$$$$$$$$$ 
2019-03-15 13:57:48,050 INFO  [Log] **************************************************************************************** 
2019-03-15 13:57:48,050 INFO  [Log] **************************************************************************************** 
2019-03-15 13:57:48,052 INFO  [Log] Opening Browser 
2019-03-15 13:57:50,434 INFO  [Log] Chrome browser started 
2019-03-15 13:57:50,751 INFO  [Log] Navigating to URL 
2019-03-15 13:57:59,463 INFO  [Log] Verify display itempage_title 
2019-03-15 13:57:59,545 INFO  [Log] Verify display itempage_logo 
2019-03-15 13:57:59,662 INFO  [Log] Verify display itemsearch-input 
2019-03-15 13:57:59,763 INFO  [Log] Verify display itemsearch_button 
2019-03-15 13:57:59,856 INFO  [Log] Entering the text in key_input 
2019-03-15 13:58:00,459 INFO  [Log] XXXXXXXXXXXXXXXXXXXXXXX             -E---N---D-             XXXXXXXXXXXXXXXXXXXXXX 
2019-03-15 13:58:00,459 INFO  [Log] X 
2019-03-15 13:58:00,459 INFO  [Log] X 
2019-03-15 13:58:00,459 INFO  [Log] X 
2019-03-15 13:58:00,459 INFO  [Log] X 
2019-03-15 14:00:32,824 INFO  [Log] **************************************************************************************** 
2019-03-15 14:00:32,826 INFO  [Log] **************************************************************************************** 
2019-03-15 14:00:32,826 INFO  [Log] $$$$$$$$$$$$$$$$$$$$$                 Verify_01       $$$$$$$$$$$$$$$$$$$$$$$$$ 
2019-03-15 14:00:32,826 INFO  [Log] **************************************************************************************** 
2019-03-15 14:00:32,826 INFO  [Log] **************************************************************************************** 
2019-03-15 14:00:32,829 INFO  [Log] Opening Browser 
2019-03-15 14:00:35,334 INFO  [Log] Chrome browser started 
2019-03-15 14:00:35,746 INFO  [Log] Navigating to URL 
2019-03-15 14:01:00,375 INFO  [Log] Verify display itempage_title 
2019-03-15 14:01:00,505 INFO  [Log] Verify display itempage_logo 
2019-03-15 14:01:00,608 INFO  [Log] Verify display itemsearch-input 
2019-03-15 14:01:00,709 INFO  [Log] Verify display itemsearch_button 
2019-03-15 14:01:00,802 INFO  [Log] Entering the text in key_input 
2019-03-15 14:01:01,136 INFO  [Log] Clicking on Webelement button 
2019-03-15 14:01:04,326 INFO  [Log] Verify display correct first_product_title 
2019-03-15 14:01:04,430 INFO  [Log] Verify display correct first_product_price 
2019-03-15 14:01:04,523 INFO  [Log] Closing the browser 
2019-03-15 14:01:04,758 INFO  [Log] XXXXXXXXXXXXXXXXXXXXXXX             -E---N---D-             XXXXXXXXXXXXXXXXXXXXXX 
2019-03-15 14:01:04,758 INFO  [Log] X 
2019-03-15 14:01:04,758 INFO  [Log] X 
2019-03-15 14:01:04,758 INFO  [Log] X 
2019-03-15 14:01:04,758 INFO  [Log] X 
2019-03-15 14:01:37,992 INFO  [Log] **************************************************************************************** 
2019-03-15 14:01:37,992 INFO  [Log] **************************************************************************************** 
2019-03-15 14:01:37,992 INFO  [Log] $$$$$$$$$$$$$$$$$$$$$                 Verify_01       $$$$$$$$$$$$$$$$$$$$$$$$$ 
2019-03-15 14:01:37,992 INFO  [Log] **************************************************************************************** 
2019-03-15 14:01:37,993 INFO  [Log] **************************************************************************************** 
2019-03-15 14:01:37,996 INFO  [Log] Opening Browser 
2019-03-15 14:01:39,850 INFO  [Log] Chrome browser started 
2019-03-15 14:01:40,107 INFO  [Log] Navigating to URL 
2019-03-15 14:01:54,741 INFO  [Log] Verify display itempage_title 
2019-03-15 14:01:54,817 INFO  [Log] Verify display itempage_logo 
2019-03-15 14:01:54,923 INFO  [Log] Verify display itemsearch-input 
2019-03-15 14:01:55,019 INFO  [Log] Verify display itemsearch_button 
2019-03-15 14:01:55,109 INFO  [Log] Entering the text in key_input 
2019-03-15 14:01:55,476 INFO  [Log] Clicking on Webelement button 
2019-03-15 14:01:58,453 INFO  [Log] Verify display correct first_product_title 
2019-03-15 14:01:58,558 INFO  [Log] Verify display correct first_product_price 
2019-03-15 14:01:58,644 INFO  [Log] Closing the browser 
2019-03-15 14:01:58,875 INFO  [Log] XXXXXXXXXXXXXXXXXXXXXXX             -E---N---D-             XXXXXXXXXXXXXXXXXXXXXX 
2019-03-15 14:01:58,875 INFO  [Log] X 
2019-03-15 14:01:58,876 INFO  [Log] X 
2019-03-15 14:01:58,876 INFO  [Log] X 
2019-03-15 14:01:58,876 INFO  [Log] X 
2019-03-15 14:08:12,096 INFO  [Log] **************************************************************************************** 
2019-03-15 14:08:12,097 INFO  [Log] **************************************************************************************** 
2019-03-15 14:08:12,097 INFO  [Log] $$$$$$$$$$$$$$$$$$$$$                 Verify_01       $$$$$$$$$$$$$$$$$$$$$$$$$ 
2019-03-15 14:08:12,097 INFO  [Log] **************************************************************************************** 
2019-03-15 14:08:12,097 INFO  [Log] **************************************************************************************** 
2019-03-15 14:08:12,101 INFO  [Log] Opening Browser 
2019-03-15 14:08:14,002 INFO  [Log] Chrome browser started 
2019-03-15 14:08:14,268 INFO  [Log] Navigating to URL 
2019-03-15 14:08:35,095 INFO  [Log] Verify display itempage_title 
2019-03-15 14:08:35,212 INFO  [Log] Verify display itempage_logo 
2019-03-15 14:08:35,372 INFO  [Log] Verify display itemsearch-input 
2019-03-15 14:08:35,522 INFO  [Log] Verify display itemsearch_button 
2019-03-15 14:08:35,661 INFO  [Log] Entering the text in key_input 
2019-03-15 14:08:36,001 INFO  [Log] Clicking on Webelement button 
2019-03-15 14:08:38,871 INFO  [Log] Verify display correct first_product_title 
2019-03-15 14:08:38,961 INFO  [Log] Verify display correct first_product_price 
2019-03-15 14:08:39,051 INFO  [Log] Closing the browser 
2019-03-15 14:08:39,282 INFO  [Log] XXXXXXXXXXXXXXXXXXXXXXX             -E---N---D-             XXXXXXXXXXXXXXXXXXXXXX 
2019-03-15 14:08:39,283 INFO  [Log] X 
2019-03-15 14:08:39,284 INFO  [Log] X 
2019-03-15 14:08:39,284 INFO  [Log] X 
2019-03-15 14:08:39,284 INFO  [Log] X 
2019-03-15 14:13:01,616 INFO  [Log] **************************************************************************************** 
2019-03-15 14:13:01,617 INFO  [Log] **************************************************************************************** 
2019-03-15 14:13:01,617 INFO  [Log] $$$$$$$$$$$$$$$$$$$$$                 Verify_01       $$$$$$$$$$$$$$$$$$$$$$$$$ 
2019-03-15 14:13:01,617 INFO  [Log] **************************************************************************************** 
2019-03-15 14:13:01,617 INFO  [Log] **************************************************************************************** 
2019-03-15 14:13:01,621 INFO  [Log] Opening Browser 
2019-03-15 14:13:04,041 INFO  [Log] Chrome browser started 
2019-03-15 14:13:04,314 INFO  [Log] Navigating to URL 
2019-03-15 14:13:18,848 INFO  [Log] Verify display itempage_title 
2019-03-15 14:13:18,921 INFO  [Log] Verify display itempage_logo 
2019-03-15 14:13:19,019 INFO  [Log] Verify display itemsearch-input 
2019-03-15 14:13:19,109 INFO  [Log] Verify display itemsearch_button 
2019-03-15 14:13:19,203 INFO  [Log] Entering the text in key_input 
2019-03-15 14:13:19,600 INFO  [Log] Clicking on Webelement button 
2019-03-15 14:13:23,930 INFO  [Log] Verify display correct first_product_title 
2019-03-15 14:13:24,016 INFO  [Log] Verify display correct first_product_price 
2019-03-15 14:13:24,104 INFO  [Log] Clicking on Webelement first_product_title 
2019-03-15 14:13:28,390 INFO  [Log] Entering the text in quantity_input 
2019-03-15 14:13:28,514 INFO  [Log] Clicking on Webelement cart_button 
2019-03-15 14:13:28,696 INFO  [Log] Clicking on Webelement proceed_to_checkout_button 
2019-03-15 14:13:35,081 INFO  [Log] Wait for 5 seconds 
2019-03-15 14:13:40,139 INFO  [Log] Verify display correct product_name 
2019-03-15 14:13:40,210 INFO  [Log] Verify display correct unit_price 
2019-03-15 14:13:40,282 INFO  [Log] Verify display correct product_quantity 
2019-03-15 14:13:40,344 INFO  [Log] Closing the browser 
2019-03-15 14:13:40,573 INFO  [Log] XXXXXXXXXXXXXXXXXXXXXXX             -E---N---D-             XXXXXXXXXXXXXXXXXXXXXX 
2019-03-15 14:13:40,573 INFO  [Log] X 
2019-03-15 14:13:40,573 INFO  [Log] X 
2019-03-15 14:13:40,574 INFO  [Log] X 
2019-03-15 14:13:40,574 INFO  [Log] X 
2019-03-15 14:19:20,971 INFO  [Log] **************************************************************************************** 
2019-03-15 14:19:20,973 INFO  [Log] **************************************************************************************** 
2019-03-15 14:19:20,973 INFO  [Log] $$$$$$$$$$$$$$$$$$$$$                 Verify_01       $$$$$$$$$$$$$$$$$$$$$$$$$ 
2019-03-15 14:19:20,973 INFO  [Log] **************************************************************************************** 
2019-03-15 14:19:20,973 INFO  [Log] **************************************************************************************** 
2019-03-15 14:19:20,976 INFO  [Log] Opening Browser 
2019-03-15 14:19:23,250 INFO  [Log] Chrome browser started 
2019-03-15 14:19:23,514 INFO  [Log] Navigating to URL 
2019-03-15 14:19:46,564 INFO  [Log] Verify display itempage_title 
2019-03-15 14:19:46,657 INFO  [Log] Verify display itempage_logo 
2019-03-15 14:19:46,760 INFO  [Log] Verify display itemsearch-input 
2019-03-15 14:19:46,870 INFO  [Log] Verify display itemsearch_button 
2019-03-15 14:19:46,953 INFO  [Log] Entering the text in key_input 
2019-03-15 14:19:47,377 INFO  [Log] Clicking on Webelement button 
2019-03-15 14:19:51,683 INFO  [Log] Verify display correct first_product_title 
2019-03-15 14:19:51,778 INFO  [Log] Verify display correct first_product_price 
2019-03-15 14:19:51,855 INFO  [Log] Clicking on Webelement first_product_title 
2019-03-15 14:19:56,195 INFO  [Log] Entering the text in quantity_input 
2019-03-15 14:19:56,318 INFO  [Log] Clicking on Webelement cart_button 
2019-03-15 14:19:56,502 INFO  [Log] Clicking on Webelement proceed_to_checkout_button 
2019-03-15 14:20:00,711 INFO  [Log] Wait for 5 seconds 
2019-03-15 14:20:05,762 INFO  [Log] Verify display correct product_name 
2019-03-15 14:20:05,830 INFO  [Log] Verify display correct unit_price 
2019-03-15 14:20:05,899 INFO  [Log] Verify display correct product_quantity 
2019-03-15 14:20:05,957 INFO  [Log] Closing the browser 
2019-03-15 14:20:06,157 INFO  [Log] XXXXXXXXXXXXXXXXXXXXXXX             -E---N---D-             XXXXXXXXXXXXXXXXXXXXXX 
2019-03-15 14:20:06,157 INFO  [Log] X 
2019-03-15 14:20:06,157 INFO  [Log] X 
2019-03-15 14:20:06,157 INFO  [Log] X 
2019-03-15 14:20:06,157 INFO  [Log] X 
2019-03-15 14:23:36,732 INFO  [Log] **************************************************************************************** 
2019-03-15 14:23:36,733 INFO  [Log] **************************************************************************************** 
2019-03-15 14:23:36,733 INFO  [Log] $$$$$$$$$$$$$$$$$$$$$                 Verify_01       $$$$$$$$$$$$$$$$$$$$$$$$$ 
2019-03-15 14:23:36,733 INFO  [Log] **************************************************************************************** 
2019-03-15 14:23:36,733 INFO  [Log] **************************************************************************************** 
2019-03-15 14:23:36,736 INFO  [Log] Opening Browser 
2019-03-15 14:23:39,121 INFO  [Log] Chrome browser started 
2019-03-15 14:23:39,515 INFO  [Log] Navigating to URL 
2019-03-15 14:23:50,511 INFO  [Log] Verify display itempage_title 
2019-03-15 14:23:50,599 INFO  [Log] Verify display itempage_logo 
2019-03-15 14:23:50,702 INFO  [Log] Verify display itemsearch-input 
2019-03-15 14:23:50,821 INFO  [Log] Verify display itemsearch_button 
2019-03-15 14:23:50,920 INFO  [Log] Entering the text in key_input 
2019-03-15 14:23:51,250 INFO  [Log] Clicking on Webelement button 
2019-03-15 14:23:55,622 INFO  [Log] Verify display correct first_product_title 
2019-03-15 14:23:55,718 INFO  [Log] Verify display correct first_product_price 
2019-03-15 14:23:55,808 INFO  [Log] Clicking on Webelement first_product_title 
2019-03-15 14:24:00,330 INFO  [Log] Entering the text in quantity_input 
2019-03-15 14:24:00,462 INFO  [Log] Clicking on Webelement cart_button 
2019-03-15 14:24:00,648 INFO  [Log] Clicking on Webelement proceed_to_checkout_button 
2019-03-15 14:24:04,716 INFO  [Log] Wait for 5 seconds 
2019-03-15 14:24:09,771 INFO  [Log] Verify display correct product_name 
2019-03-15 14:24:09,847 INFO  [Log] Verify display correct unit_price 
2019-03-15 14:24:09,920 INFO  [Log] Verify Quantity correct product_quantity 
2019-03-15 14:24:09,981 INFO  [Log] Closing the browser 
2019-03-15 14:24:10,244 INFO  [Log] XXXXXXXXXXXXXXXXXXXXXXX             -E---N---D-             XXXXXXXXXXXXXXXXXXXXXX 
2019-03-15 14:24:10,244 INFO  [Log] X 
2019-03-15 14:24:10,244 INFO  [Log] X 
2019-03-15 14:24:10,244 INFO  [Log] X 
2019-03-15 14:24:10,244 INFO  [Log] X 
2019-03-15 14:25:55,906 INFO  [Log] **************************************************************************************** 
2019-03-15 14:25:55,907 INFO  [Log] **************************************************************************************** 
2019-03-15 14:25:55,907 INFO  [Log] $$$$$$$$$$$$$$$$$$$$$                 Verify_01       $$$$$$$$$$$$$$$$$$$$$$$$$ 
2019-03-15 14:25:55,907 INFO  [Log] **************************************************************************************** 
2019-03-15 14:25:55,907 INFO  [Log] **************************************************************************************** 
2019-03-15 14:25:55,910 INFO  [Log] Opening Browser 
2019-03-15 14:25:57,836 INFO  [Log] Chrome browser started 
2019-03-15 14:25:58,097 INFO  [Log] Navigating to URL 
2019-03-15 14:26:10,913 INFO  [Log] Verify display itempage_title 
2019-03-15 14:26:11,059 INFO  [Log] Verify display itempage_logo 
2019-03-15 14:26:11,172 INFO  [Log] Verify display itemsearch-input 
2019-03-15 14:26:11,267 INFO  [Log] Verify display itemsearch_button 
2019-03-15 14:26:11,355 INFO  [Log] Entering the text in key_input 
2019-03-15 14:26:11,687 INFO  [Log] Clicking on Webelement button 
2019-03-15 14:26:15,117 INFO  [Log] Verify display correct first_product_title 
2019-03-15 14:26:15,198 INFO  [Log] Verify display correct first_product_price 
2019-03-15 14:26:15,282 INFO  [Log] Clicking on Webelement first_product_title 
2019-03-15 14:26:18,256 INFO  [Log] Entering the text in quantity_input 
2019-03-15 14:26:18,388 INFO  [Log] Clicking on Webelement cart_button 
2019-03-15 14:26:18,562 INFO  [Log] Clicking on Webelement proceed_to_checkout_button 
2019-03-15 14:26:23,319 INFO  [Log] Wait for 5 seconds 
2019-03-15 14:26:28,399 INFO  [Log] Verify display correct product_name 
2019-03-15 14:26:28,506 INFO  [Log] Verify display correct unit_price 
2019-03-15 14:26:28,597 INFO  [Log] Verify Quantity correct product_quantity 
2019-03-15 14:26:28,706 INFO  [Log] Closing the browser 
2019-03-15 14:26:28,949 INFO  [Log] XXXXXXXXXXXXXXXXXXXXXXX             -E---N---D-             XXXXXXXXXXXXXXXXXXXXXX 
2019-03-15 14:26:28,949 INFO  [Log] X 
2019-03-15 14:26:28,949 INFO  [Log] X 
2019-03-15 14:26:28,950 INFO  [Log] X 
2019-03-15 14:26:28,950 INFO  [Log] X 
2019-03-15 14:26:46,733 INFO  [Log] **************************************************************************************** 
2019-03-15 14:26:46,733 INFO  [Log] **************************************************************************************** 
2019-03-15 14:26:46,734 INFO  [Log] $$$$$$$$$$$$$$$$$$$$$                 Verify_01       $$$$$$$$$$$$$$$$$$$$$$$$$ 
2019-03-15 14:26:46,734 INFO  [Log] **************************************************************************************** 
2019-03-15 14:26:46,734 INFO  [Log] **************************************************************************************** 
2019-03-15 14:26:46,737 INFO  [Log] Opening Browser 
2019-03-15 14:26:48,694 INFO  [Log] Chrome browser started 
2019-03-15 14:26:48,981 INFO  [Log] Navigating to URL 
2019-03-15 14:26:57,964 INFO  [Log] Verify display itempage_title 
2019-03-15 14:26:58,044 INFO  [Log] Verify display itempage_logo 
2019-03-15 14:26:58,146 INFO  [Log] Verify display itemsearch-input 
2019-03-15 14:26:58,251 INFO  [Log] Verify display itemsearch_button 
2019-03-15 14:26:58,354 INFO  [Log] Entering the text in key_input 
2019-03-15 14:26:58,688 INFO  [Log] Clicking on Webelement button 
2019-03-15 14:27:01,934 INFO  [Log] Verify display correct first_product_title 
2019-03-15 14:27:02,015 INFO  [Log] Verify display correct first_product_price 
2019-03-15 14:27:02,103 INFO  [Log] Clicking on Webelement first_product_title 
2019-03-15 14:27:05,154 INFO  [Log] Entering the text in quantity_input 
2019-03-15 14:27:05,282 INFO  [Log] Clicking on Webelement cart_button 
2019-03-15 14:27:05,453 INFO  [Log] Clicking on Webelement proceed_to_checkout_button 
2019-03-15 14:27:09,154 INFO  [Log] Wait for 5 seconds 
2019-03-15 14:27:14,217 INFO  [Log] Verify display correct product_name 
2019-03-15 14:27:14,292 INFO  [Log] Verify display correct unit_price 
2019-03-15 14:27:14,363 INFO  [Log] Verify Quantity correct product_quantity 
2019-03-15 14:27:14,420 INFO  [Log] Closing the browser 
2019-03-15 14:27:14,701 INFO  [Log] XXXXXXXXXXXXXXXXXXXXXXX             -E---N---D-             XXXXXXXXXXXXXXXXXXXXXX 
2019-03-15 14:27:14,701 INFO  [Log] X 
2019-03-15 14:27:14,701 INFO  [Log] X 
2019-03-15 14:27:14,701 INFO  [Log] X 
2019-03-15 14:27:14,701 INFO  [Log] X 
2019-03-15 14:28:41,218 INFO  [Log] **************************************************************************************** 
2019-03-15 14:28:41,219 INFO  [Log] **************************************************************************************** 
2019-03-15 14:28:41,219 INFO  [Log] $$$$$$$$$$$$$$$$$$$$$                 Verify_01       $$$$$$$$$$$$$$$$$$$$$$$$$ 
2019-03-15 14:28:41,219 INFO  [Log] **************************************************************************************** 
2019-03-15 14:28:41,219 INFO  [Log] **************************************************************************************** 
2019-03-15 14:28:41,222 INFO  [Log] Opening Browser 
2019-03-15 14:28:43,377 INFO  [Log] Chrome browser started 
2019-03-15 14:28:43,623 INFO  [Log] Navigating to URL 
2019-03-15 14:28:56,154 INFO  [Log] Verify display itempage_title 
2019-03-15 14:28:56,230 INFO  [Log] Verify display itempage_logo 
2019-03-15 14:28:56,331 INFO  [Log] Verify display itemsearch-input 
2019-03-15 14:28:56,429 INFO  [Log] Verify display itemsearch_button 
2019-03-15 14:28:56,522 INFO  [Log] Entering the text in key_input 
2019-03-15 14:28:56,976 INFO  [Log] Clicking on Webelement button 
2019-03-15 14:29:00,003 INFO  [Log] Verify display correct first_product_title 
2019-03-15 14:29:00,092 INFO  [Log] Verify display correct first_product_price 
2019-03-15 14:29:00,186 INFO  [Log] Clicking on Webelement first_product_title 
2019-03-15 14:29:03,224 INFO  [Log] Entering the text in quantity_input 
2019-03-15 14:29:03,364 INFO  [Log] Clicking on Webelement cart_button 
2019-03-15 14:29:03,535 INFO  [Log] Clicking on Webelement proceed_to_checkout_button 
2019-03-15 14:29:07,639 INFO  [Log] Wait for 5 seconds 
2019-03-15 14:29:12,692 INFO  [Log] Verify display correct product_name 
2019-03-15 14:29:12,764 INFO  [Log] Verify display correct unit_price 
2019-03-15 14:29:12,834 INFO  [Log] Verify Quantity correct product_quantity 
2019-03-15 14:29:12,893 INFO  [Log] Closing the browser 
2019-03-15 14:29:13,073 INFO  [Log] XXXXXXXXXXXXXXXXXXXXXXX             -E---N---D-             XXXXXXXXXXXXXXXXXXXXXX 
2019-03-15 14:29:13,073 INFO  [Log] X 
2019-03-15 14:29:13,073 INFO  [Log] X 
2019-03-15 14:29:13,074 INFO  [Log] X 
2019-03-15 14:29:13,074 INFO  [Log] X 
2019-03-15 14:30:30,218 INFO  [Log] **************************************************************************************** 
2019-03-15 14:30:30,218 INFO  [Log] **************************************************************************************** 
2019-03-15 14:30:30,218 INFO  [Log] $$$$$$$$$$$$$$$$$$$$$                 Verify_01       $$$$$$$$$$$$$$$$$$$$$$$$$ 
2019-03-15 14:30:30,218 INFO  [Log] **************************************************************************************** 
2019-03-15 14:30:30,218 INFO  [Log] **************************************************************************************** 
2019-03-15 14:30:30,221 INFO  [Log] Opening Browser 
2019-03-15 14:30:32,070 INFO  [Log] Chrome browser started 
2019-03-15 14:30:32,339 INFO  [Log] Navigating to URL 
2019-03-15 14:30:50,380 INFO  [Log] Verify display itempage_title 
2019-03-15 14:30:50,485 INFO  [Log] Verify display itempage_logo 
2019-03-15 14:30:50,593 INFO  [Log] Verify display itemsearch-input 
2019-03-15 14:30:50,702 INFO  [Log] Verify display itemsearch_button 
2019-03-15 14:30:50,806 INFO  [Log] Entering the text in key_input 
2019-03-15 14:30:51,169 INFO  [Log] Clicking on Webelement button 
2019-03-15 14:30:54,562 INFO  [Log] Verify display correct first_product_title 
2019-03-15 14:30:54,649 INFO  [Log] Verify display correct first_product_price 
2019-03-15 14:30:54,733 INFO  [Log] Clicking on Webelement first_product_title 
2019-03-15 14:30:58,021 INFO  [Log] Entering the text in quantity_input 
2019-03-15 14:30:58,181 INFO  [Log] Clicking on Webelement cart_button 
2019-03-15 14:30:58,349 INFO  [Log] Clicking on Webelement proceed_to_checkout_button 
2019-03-15 14:31:03,042 INFO  [Log] Wait for 5 seconds 
2019-03-15 14:31:08,102 INFO  [Log] Verify display correct product_name 
2019-03-15 14:31:08,171 INFO  [Log] Verify display correct unit_price 
2019-03-15 14:31:08,239 INFO  [Log] Verify Quantity correct product_quantity 
2019-03-15 14:31:08,299 INFO  [Log] Verify display correct total_price 
2019-03-15 14:31:08,366 INFO  [Log] Closing the browser 
2019-03-15 14:31:08,619 INFO  [Log] XXXXXXXXXXXXXXXXXXXXXXX             -E---N---D-             XXXXXXXXXXXXXXXXXXXXXX 
2019-03-15 14:31:08,619 INFO  [Log] X 
2019-03-15 14:31:08,619 INFO  [Log] X 
2019-03-15 14:31:08,619 INFO  [Log] X 
2019-03-15 14:31:08,619 INFO  [Log] X 
2019-03-15 14:32:02,493 INFO  [Log] **************************************************************************************** 
2019-03-15 14:32:02,493 INFO  [Log] **************************************************************************************** 
2019-03-15 14:32:02,493 INFO  [Log] $$$$$$$$$$$$$$$$$$$$$                 Verify_01       $$$$$$$$$$$$$$$$$$$$$$$$$ 
2019-03-15 14:32:02,493 INFO  [Log] **************************************************************************************** 
2019-03-15 14:32:02,493 INFO  [Log] **************************************************************************************** 
2019-03-15 14:32:02,497 INFO  [Log] Opening Browser 
2019-03-15 14:32:04,410 INFO  [Log] Chrome browser started 
2019-03-15 14:32:04,649 INFO  [Log] Navigating to URL 
2019-03-15 14:32:16,307 INFO  [Log] Verify display itempage_title 
2019-03-15 14:32:16,396 INFO  [Log] Verify display itempage_logo 
2019-03-15 14:32:16,495 INFO  [Log] Verify display itemsearch-input 
2019-03-15 14:32:16,595 INFO  [Log] Verify display itemsearch_button 
2019-03-15 14:32:16,697 INFO  [Log] Entering the text in key_input 
2019-03-15 14:32:17,072 INFO  [Log] Clicking on Webelement button 
2019-03-15 14:32:20,240 INFO  [Log] Verify display correct first_product_title 
2019-03-15 14:32:20,337 INFO  [Log] Verify display correct first_product_price 
2019-03-15 14:32:20,441 INFO  [Log] Clicking on Webelement first_product_title 
2019-03-15 14:32:23,444 INFO  [Log] Entering the text in quantity_input 
2019-03-15 14:32:23,627 INFO  [Log] Clicking on Webelement cart_button 
2019-03-15 14:32:23,828 INFO  [Log] Clicking on Webelement proceed_to_checkout_button 
2019-03-15 14:32:30,025 INFO  [Log] Wait for 5 seconds 
2019-03-15 14:32:35,075 INFO  [Log] Verify display correct product_name 
2019-03-15 14:32:35,144 INFO  [Log] Verify display correct unit_price 
2019-03-15 14:32:35,219 INFO  [Log] Verify Quantity correct product_quantity 
2019-03-15 14:32:35,279 INFO  [Log] Verify display correct total_price 
2019-03-15 14:32:35,354 INFO  [Log] Closing the browser 
2019-03-15 14:32:35,640 INFO  [Log] XXXXXXXXXXXXXXXXXXXXXXX             -E---N---D-             XXXXXXXXXXXXXXXXXXXXXX 
2019-03-15 14:32:35,641 INFO  [Log] X 
2019-03-15 14:32:35,641 INFO  [Log] X 
2019-03-15 14:32:35,641 INFO  [Log] X 
2019-03-15 14:32:35,641 INFO  [Log] X 
2019-03-15 14:38:52,782 INFO  [Log] **************************************************************************************** 
2019-03-15 14:38:52,782 INFO  [Log] **************************************************************************************** 
2019-03-15 14:38:52,783 INFO  [Log] $$$$$$$$$$$$$$$$$$$$$                 Verify_01       $$$$$$$$$$$$$$$$$$$$$$$$$ 
2019-03-15 14:38:52,783 INFO  [Log] **************************************************************************************** 
2019-03-15 14:38:52,783 INFO  [Log] **************************************************************************************** 
2019-03-15 14:38:52,785 INFO  [Log] Opening Browser 
2019-03-15 14:38:55,130 INFO  [Log] Chrome browser started 
2019-03-15 14:38:55,367 INFO  [Log] Navigating to URL 
2019-03-15 14:39:05,041 INFO  [Log] Verify display itempage_title 
2019-03-15 14:39:05,129 INFO  [Log] Verify display itempage_logo 
2019-03-15 14:39:05,233 INFO  [Log] Verify display itemsearch-input 
2019-03-15 14:39:05,401 INFO  [Log] Verify display itemsearch_button 
2019-03-15 14:39:05,538 INFO  [Log] Entering the text in key_input 
2019-03-15 14:39:05,951 INFO  [Log] Clicking on Webelement button 
2019-03-15 14:39:08,905 INFO  [Log] Verify display correct first_product_title 
2019-03-15 14:39:08,997 INFO  [Log] Verify display correct first_product_price 
2019-03-15 14:39:09,120 INFO  [Log] Clicking on Webelement first_product_title 
2019-03-15 14:39:12,554 INFO  [Log] Entering the text in quantity_input 
2019-03-15 14:39:12,723 INFO  [Log] Clicking on Webelement cart_button 
2019-03-15 14:39:12,905 INFO  [Log] Clicking on Webelement proceed_to_checkout_button 
2019-03-15 14:39:16,844 INFO  [Log] Wait for 5 seconds 
2019-03-15 14:39:21,899 INFO  [Log] Verify display correct product_name 
2019-03-15 14:39:21,984 INFO  [Log] Verify display correct unit_price 
2019-03-15 14:39:22,048 INFO  [Log] Verify Quantity correct product_quantity 
2019-03-15 14:39:22,106 INFO  [Log] Verify display correct total_price 
2019-03-15 14:39:22,168 INFO  [Log] Closing the browser 
2019-03-15 14:39:22,451 INFO  [Log] XXXXXXXXXXXXXXXXXXXXXXX             -E---N---D-             XXXXXXXXXXXXXXXXXXXXXX 
2019-03-15 14:39:22,451 INFO  [Log] X 
2019-03-15 14:39:22,451 INFO  [Log] X 
2019-03-15 14:39:22,451 INFO  [Log] X 
2019-03-15 14:39:22,452 INFO  [Log] X 
2019-03-15 14:41:12,660 INFO  [Log] **************************************************************************************** 
2019-03-15 14:41:12,661 INFO  [Log] **************************************************************************************** 
2019-03-15 14:41:12,661 INFO  [Log] $$$$$$$$$$$$$$$$$$$$$                 Verify_01       $$$$$$$$$$$$$$$$$$$$$$$$$ 
2019-03-15 14:41:12,661 INFO  [Log] **************************************************************************************** 
2019-03-15 14:41:12,661 INFO  [Log] **************************************************************************************** 
2019-03-15 14:41:12,664 INFO  [Log] Opening Browser 
2019-03-15 14:41:14,425 INFO  [Log] Chrome browser started 
2019-03-15 14:41:14,734 INFO  [Log] Navigating to URL 
2019-03-15 14:41:28,111 INFO  [Log] Verify display itempage_title 
2019-03-15 14:41:28,196 INFO  [Log] Verify display itempage_logo 
2019-03-15 14:41:28,342 INFO  [Log] Verify display itemsearch-input 
2019-03-15 14:41:28,480 INFO  [Log] Verify display itemsearch_button 
2019-03-15 14:41:28,619 INFO  [Log] Entering the text in key_input 
2019-03-15 14:41:29,005 INFO  [Log] Clicking on Webelement button 
2019-03-15 14:41:32,160 INFO  [Log] Verify display correct first_product_title 
2019-03-15 14:41:32,259 INFO  [Log] Verify display correct first_product_price 
2019-03-15 14:41:32,360 INFO  [Log] Clicking on Webelement first_product_title 
2019-03-15 14:41:36,518 INFO  [Log] Entering the text in quantity_input 
2019-03-15 14:41:36,672 INFO  [Log] Clicking on Webelement cart_button 
2019-03-15 14:41:36,836 INFO  [Log] Clicking on Webelement proceed_to_checkout_button 
2019-03-15 14:41:41,015 INFO  [Log] Wait for 5 seconds 
2019-03-15 14:41:46,073 INFO  [Log] Verify display correct product_name 
2019-03-15 14:41:46,174 INFO  [Log] Verify display correct unit_price 
2019-03-15 14:41:46,287 INFO  [Log] Verify Quantity correct product_quantity 
2019-03-15 14:41:46,368 INFO  [Log] Verify display correct total_price 
2019-03-15 14:41:46,449 INFO  [Log] Closing the browser 
2019-03-15 14:41:46,708 INFO  [Log] XXXXXXXXXXXXXXXXXXXXXXX             -E---N---D-             XXXXXXXXXXXXXXXXXXXXXX 
2019-03-15 14:41:46,708 INFO  [Log] X 
2019-03-15 14:41:46,708 INFO  [Log] X 
2019-03-15 14:41:46,708 INFO  [Log] X 
2019-03-15 14:41:46,708 INFO  [Log] X 
2019-03-15 14:47:34,977 INFO  [Log] **************************************************************************************** 
2019-03-15 14:47:34,977 INFO  [Log] **************************************************************************************** 
2019-03-15 14:47:34,977 INFO  [Log] $$$$$$$$$$$$$$$$$$$$$                 Verify_01       $$$$$$$$$$$$$$$$$$$$$$$$$ 
2019-03-15 14:47:34,977 INFO  [Log] **************************************************************************************** 
2019-03-15 14:47:34,977 INFO  [Log] **************************************************************************************** 
2019-03-15 14:47:34,980 INFO  [Log] Opening Browser 
2019-03-15 14:47:37,290 INFO  [Log] Chrome browser started 
2019-03-15 14:47:37,580 INFO  [Log] Navigating to URL 
2019-03-15 14:47:49,873 INFO  [Log] Verify display itempage_title 
2019-03-15 14:47:49,958 INFO  [Log] Verify display itempage_logo 
2019-03-15 14:47:50,056 INFO  [Log] Verify display itemsearch-input 
2019-03-15 14:47:50,171 INFO  [Log] Verify display itemsearch_button 
2019-03-15 14:47:50,260 INFO  [Log] Entering the text in key_input 
2019-03-15 14:47:50,662 INFO  [Log] Clicking on Webelement button 
2019-03-15 14:47:53,994 INFO  [Log] Verify display correct first_product_title 
2019-03-15 14:47:54,087 INFO  [Log] Verify display correct first_product_price 
2019-03-15 14:47:54,187 INFO  [Log] Clicking on Webelement first_product_title 
2019-03-15 14:47:57,465 INFO  [Log] Entering the text in quantity_input 
2019-03-15 14:47:57,624 INFO  [Log] Clicking on Webelement cart_button 
2019-03-15 14:47:57,823 INFO  [Log] Clicking on Webelement proceed_to_checkout_button 
2019-03-15 14:48:01,676 INFO  [Log] Wait for 5 seconds 
2019-03-15 14:48:08,729 INFO  [Log] Verify display correct product_name 
2019-03-15 14:48:08,807 INFO  [Log] Verify display correct unit_price 
2019-03-15 14:48:08,892 INFO  [Log] Verify Quantity correct product_quantity 
2019-03-15 14:48:08,948 INFO  [Log] Verify display correct total_price 
2019-03-15 14:48:09,030 INFO  [Log] Closing the browser 
2019-03-15 14:48:09,270 INFO  [Log] XXXXXXXXXXXXXXXXXXXXXXX             -E---N---D-             XXXXXXXXXXXXXXXXXXXXXX 
2019-03-15 14:48:09,270 INFO  [Log] X 
2019-03-15 14:48:09,270 INFO  [Log] X 
2019-03-15 14:48:09,270 INFO  [Log] X 
2019-03-15 14:48:09,270 INFO  [Log] X 
2019-03-15 14:49:43,990 INFO  [Log] **************************************************************************************** 
2019-03-15 14:49:43,992 INFO  [Log] **************************************************************************************** 
2019-03-15 14:49:43,992 INFO  [Log] $$$$$$$$$$$$$$$$$$$$$                 Verify_01       $$$$$$$$$$$$$$$$$$$$$$$$$ 
2019-03-15 14:49:43,992 INFO  [Log] **************************************************************************************** 
2019-03-15 14:49:43,992 INFO  [Log] **************************************************************************************** 
2019-03-15 14:49:43,995 INFO  [Log] Opening Browser 
2019-03-15 14:49:46,188 INFO  [Log] Chrome browser started 
2019-03-15 14:49:46,484 INFO  [Log] Navigating to URL 
2019-03-15 14:49:59,690 INFO  [Log] Verify display itempage_title 
2019-03-15 14:49:59,771 INFO  [Log] Verify display itempage_logo 
2019-03-15 14:49:59,868 INFO  [Log] Verify display itemsearch-input 
2019-03-15 14:49:59,969 INFO  [Log] Verify display itemsearch_button 
2019-03-15 14:50:00,058 INFO  [Log] Entering the text in key_input 
2019-03-15 14:50:00,414 INFO  [Log] Clicking on Webelement button 
2019-03-15 14:50:03,516 INFO  [Log] Verify display correct first_product_title 
2019-03-15 14:50:03,615 INFO  [Log] Verify display correct first_product_price 
2019-03-15 14:50:03,707 INFO  [Log] Clicking on Webelement first_product_title 
2019-03-15 14:50:06,752 INFO  [Log] Entering the text in quantity_input 
2019-03-15 14:50:06,927 INFO  [Log] Clicking on Webelement cart_button 
2019-03-15 14:50:07,088 INFO  [Log] Clicking on Webelement proceed_to_checkout_button 
2019-03-15 14:50:11,833 INFO  [Log] Wait for 5 seconds 
2019-03-15 14:50:18,888 INFO  [Log] Verify display correct product_name 
2019-03-15 14:50:18,974 INFO  [Log] Verify display correct unit_price 
2019-03-15 14:50:19,051 INFO  [Log] Verify Quantity correct product_quantity 
2019-03-15 14:50:19,114 INFO  [Log] Verify display correct total_price 
2019-03-15 14:50:19,187 INFO  [Log] Closing the browser 
2019-03-15 14:50:19,487 INFO  [Log] XXXXXXXXXXXXXXXXXXXXXXX             -E---N---D-             XXXXXXXXXXXXXXXXXXXXXX 
2019-03-15 14:50:19,487 INFO  [Log] X 
2019-03-15 14:50:19,487 INFO  [Log] X 
2019-03-15 14:50:19,487 INFO  [Log] X 
2019-03-15 14:50:19,487 INFO  [Log] X 
2019-03-16 14:59:40,005 INFO  [Log] **************************************************************************************** 
2019-03-16 14:59:40,006 INFO  [Log] **************************************************************************************** 
2019-03-16 14:59:40,007 INFO  [Log] $$$$$$$$$$$$$$$$$$$$$                 Verify_01       $$$$$$$$$$$$$$$$$$$$$$$$$ 
2019-03-16 14:59:40,007 INFO  [Log] **************************************************************************************** 
2019-03-16 14:59:40,007 INFO  [Log] **************************************************************************************** 
2019-03-16 14:59:40,010 INFO  [Log] Opening Browser 
2019-03-16 14:59:42,208 INFO  [Log] Chrome browser started 
2019-03-16 14:59:42,436 INFO  [Log] Navigating to URL 
2019-03-16 14:59:49,991 INFO  [Log] Verify display itempage_title 
2019-03-16 14:59:50,069 INFO  [Log] Verify display itempage_logo 
2019-03-16 14:59:50,175 INFO  [Log] Verify display itemsearch-input 
2019-03-16 14:59:50,271 INFO  [Log] Verify display itemsearch_button 
2019-03-16 14:59:50,366 INFO  [Log] Entering the text in key_input 
2019-03-16 14:59:50,784 INFO  [Log] Clicking on Webelement button 
2019-03-16 14:59:53,394 INFO  [Log] Verify display correct first_product_title 
2019-03-16 14:59:53,484 INFO  [Log] Verify display correct first_product_price 
2019-03-16 14:59:53,584 INFO  [Log] Clicking on Webelement first_product_title 
2019-03-16 14:59:56,265 INFO  [Log] Entering the text in quantity_input 
2019-03-16 14:59:56,430 INFO  [Log] Clicking on Webelement cart_button 
2019-03-16 14:59:56,606 INFO  [Log] Clicking on Webelement proceed_to_checkout_button 
2019-03-16 14:59:59,552 INFO  [Log] Wait for 5 seconds 
2019-03-16 15:00:06,608 INFO  [Log] Verify display correct product_name 
2019-03-16 15:00:06,690 INFO  [Log] Verify display correct unit_price 
2019-03-16 15:00:06,769 INFO  [Log] Verify Quantity correct product_quantity 
2019-03-16 15:00:06,826 INFO  [Log] Verify display correct total_price 
2019-03-16 15:00:06,915 INFO  [Log] Closing the browser 
2019-03-16 15:00:07,096 INFO  [Log] XXXXXXXXXXXXXXXXXXXXXXX             -E---N---D-             XXXXXXXXXXXXXXXXXXXXXX 
2019-03-16 15:00:07,097 INFO  [Log] X 
2019-03-16 15:00:07,097 INFO  [Log] X 
2019-03-16 15:00:07,097 INFO  [Log] X 
2019-03-16 15:00:07,097 INFO  [Log] X 
