2019-03-18 00:19:59,004 INFO  [Log] **************************************************************************************** 
2019-03-18 00:19:59,004 INFO  [Log] **************************************************************************************** 
2019-03-18 00:19:59,004 INFO  [Log] $$$$$$$$$$$$$$$$$$$$$                 Verify_01       $$$$$$$$$$$$$$$$$$$$$$$$$ 
2019-03-18 00:19:59,004 INFO  [Log] **************************************************************************************** 
2019-03-18 00:19:59,004 INFO  [Log] **************************************************************************************** 
2019-03-18 00:19:59,008 INFO  [Log] Opening Browser 
2019-03-18 00:20:01,751 INFO  [Log] Chrome browser started 
2019-03-18 00:20:02,049 INFO  [Log] Navigating to URL 
2019-03-18 00:20:09,100 INFO  [Log] Entering the text in email_input 
2019-03-18 00:20:09,100 ERROR [Log] Not able to Enter UserName --- null 
2019-03-18 00:20:09,190 INFO  [Log] Closing the browser 
2019-03-18 00:20:09,530 INFO  [Log] XXXXXXXXXXXXXXXXXXXXXXX             -E---N---D-             XXXXXXXXXXXXXXXXXXXXXX 
2019-03-18 00:20:09,530 INFO  [Log] X 
2019-03-18 00:20:09,530 INFO  [Log] X 
2019-03-18 00:20:09,530 INFO  [Log] X 
2019-03-18 00:20:09,530 INFO  [Log] X 
2019-03-18 00:22:20,059 INFO  [Log] **************************************************************************************** 
2019-03-18 00:22:20,060 INFO  [Log] **************************************************************************************** 
2019-03-18 00:22:20,060 INFO  [Log] $$$$$$$$$$$$$$$$$$$$$                 Verify_01       $$$$$$$$$$$$$$$$$$$$$$$$$ 
2019-03-18 00:22:20,060 INFO  [Log] **************************************************************************************** 
2019-03-18 00:22:20,060 INFO  [Log] **************************************************************************************** 
2019-03-18 00:22:20,063 INFO  [Log] Opening Browser 
2019-03-18 00:22:21,922 INFO  [Log] Chrome browser started 
2019-03-18 00:22:22,143 INFO  [Log] Navigating to URL 
2019-03-18 00:22:28,747 INFO  [Log] Entering the text in email_input 
2019-03-18 00:22:28,747 ERROR [Log] Not able to Enter UserName --- null 
2019-03-18 00:22:28,828 INFO  [Log] Closing the browser 
2019-03-18 00:22:29,183 INFO  [Log] XXXXXXXXXXXXXXXXXXXXXXX             -E---N---D-             XXXXXXXXXXXXXXXXXXXXXX 
2019-03-18 00:22:29,184 INFO  [Log] X 
2019-03-18 00:22:29,184 INFO  [Log] X 
2019-03-18 00:22:29,184 INFO  [Log] X 
2019-03-18 00:22:29,184 INFO  [Log] X 
2019-03-18 00:26:01,241 INFO  [Log] **************************************************************************************** 
2019-03-18 00:26:01,242 INFO  [Log] **************************************************************************************** 
2019-03-18 00:26:01,242 INFO  [Log] $$$$$$$$$$$$$$$$$$$$$                 Verify_01       $$$$$$$$$$$$$$$$$$$$$$$$$ 
2019-03-18 00:26:01,242 INFO  [Log] **************************************************************************************** 
2019-03-18 00:26:01,242 INFO  [Log] **************************************************************************************** 
2019-03-18 00:26:01,246 INFO  [Log] Opening Browser 
2019-03-18 00:26:03,187 INFO  [Log] Chrome browser started 
2019-03-18 00:26:03,405 INFO  [Log] Navigating to URL 
2019-03-18 00:26:10,350 INFO  [Log] Entering the text in email_input 
2019-03-18 00:26:10,350 ERROR [Log] Not able to Enter UserName --- null 
2019-03-18 00:26:10,423 INFO  [Log] Closing the browser 
2019-03-18 00:26:10,865 INFO  [Log] XXXXXXXXXXXXXXXXXXXXXXX             -E---N---D-             XXXXXXXXXXXXXXXXXXXXXX 
2019-03-18 00:26:10,865 INFO  [Log] X 
2019-03-18 00:26:10,865 INFO  [Log] X 
2019-03-18 00:26:10,865 INFO  [Log] X 
2019-03-18 00:26:10,865 INFO  [Log] X 
2019-03-18 00:28:38,613 INFO  [Log] **************************************************************************************** 
2019-03-18 00:28:38,613 INFO  [Log] **************************************************************************************** 
2019-03-18 00:28:38,613 INFO  [Log] $$$$$$$$$$$$$$$$$$$$$                 Verify_01       $$$$$$$$$$$$$$$$$$$$$$$$$ 
2019-03-18 00:28:38,613 INFO  [Log] **************************************************************************************** 
2019-03-18 00:28:38,613 INFO  [Log] **************************************************************************************** 
2019-03-18 00:28:38,617 INFO  [Log] Opening Browser 
2019-03-18 00:28:40,825 INFO  [Log] Chrome browser started 
2019-03-18 00:28:41,064 INFO  [Log] Navigating to URL 
2019-03-18 00:28:47,387 INFO  [Log] Entering the text in email_input 
2019-03-18 00:28:47,387 ERROR [Log] Not able to Enter UserName --- null 
2019-03-18 00:28:47,461 INFO  [Log] Closing the browser 
2019-03-18 00:28:47,869 INFO  [Log] XXXXXXXXXXXXXXXXXXXXXXX             -E---N---D-             XXXXXXXXXXXXXXXXXXXXXX 
2019-03-18 00:28:47,869 INFO  [Log] X 
2019-03-18 00:28:47,869 INFO  [Log] X 
2019-03-18 00:28:47,869 INFO  [Log] X 
2019-03-18 00:28:47,870 INFO  [Log] X 
2019-03-18 00:36:46,109 INFO  [Log] **************************************************************************************** 
2019-03-18 00:36:46,110 INFO  [Log] **************************************************************************************** 
2019-03-18 00:36:46,110 INFO  [Log] $$$$$$$$$$$$$$$$$$$$$                 Verify_01       $$$$$$$$$$$$$$$$$$$$$$$$$ 
2019-03-18 00:36:46,110 INFO  [Log] **************************************************************************************** 
2019-03-18 00:36:46,110 INFO  [Log] **************************************************************************************** 
2019-03-18 00:36:46,113 INFO  [Log] Opening Browser 
2019-03-18 00:36:48,716 INFO  [Log] Chrome browser started 
2019-03-18 00:36:48,964 INFO  [Log] Navigating to URL 
2019-03-18 00:36:55,508 INFO  [Log] Entering the text in email_input 
2019-03-18 00:36:55,508 ERROR [Log] Not able to Enter text --- null 
2019-03-18 00:36:55,584 INFO  [Log] Closing the browser 
2019-03-18 00:36:55,889 INFO  [Log] XXXXXXXXXXXXXXXXXXXXXXX             -E---N---D-             XXXXXXXXXXXXXXXXXXXXXX 
2019-03-18 00:36:55,890 INFO  [Log] X 
2019-03-18 00:36:55,890 INFO  [Log] X 
2019-03-18 00:36:55,890 INFO  [Log] X 
2019-03-18 00:36:55,890 INFO  [Log] X 
2019-03-18 00:38:57,520 INFO  [Log] **************************************************************************************** 
2019-03-18 00:38:57,520 INFO  [Log] **************************************************************************************** 
2019-03-18 00:38:57,520 INFO  [Log] $$$$$$$$$$$$$$$$$$$$$                 Verify_01       $$$$$$$$$$$$$$$$$$$$$$$$$ 
2019-03-18 00:38:57,520 INFO  [Log] **************************************************************************************** 
2019-03-18 00:38:57,520 INFO  [Log] **************************************************************************************** 
2019-03-18 00:38:57,523 INFO  [Log] Opening Browser 
2019-03-18 00:38:59,384 INFO  [Log] Chrome browser started 
2019-03-18 00:38:59,612 INFO  [Log] Navigating to URL 
2019-03-18 00:39:06,206 INFO  [Log] Entering the text in email_input 
2019-03-18 00:39:06,206 ERROR [Log] Not able to Enter text --- null 
2019-03-18 00:39:06,280 INFO  [Log] Closing the browser 
2019-03-18 00:39:06,579 INFO  [Log] XXXXXXXXXXXXXXXXXXXXXXX             -E---N---D-             XXXXXXXXXXXXXXXXXXXXXX 
2019-03-18 00:39:06,579 INFO  [Log] X 
2019-03-18 00:39:06,579 INFO  [Log] X 
2019-03-18 00:39:06,579 INFO  [Log] X 
2019-03-18 00:39:06,579 INFO  [Log] X 
2019-03-18 00:41:28,243 INFO  [Log] **************************************************************************************** 
2019-03-18 00:41:28,245 INFO  [Log] **************************************************************************************** 
2019-03-18 00:41:28,245 INFO  [Log] $$$$$$$$$$$$$$$$$$$$$                 Verify_01       $$$$$$$$$$$$$$$$$$$$$$$$$ 
2019-03-18 00:41:28,245 INFO  [Log] **************************************************************************************** 
2019-03-18 00:41:28,245 INFO  [Log] **************************************************************************************** 
2019-03-18 00:41:28,251 INFO  [Log] Opening Browser 
2019-03-18 00:41:30,853 INFO  [Log] Chrome browser started 
2019-03-18 00:41:31,076 INFO  [Log] Navigating to URL 
2019-03-18 00:41:38,016 INFO  [Log] Entering the text in email_input 
2019-03-18 00:41:38,017 ERROR [Log] Not able to Enter text --- null 
2019-03-18 00:41:38,096 INFO  [Log] Closing the browser 
2019-03-18 00:41:38,336 INFO  [Log] XXXXXXXXXXXXXXXXXXXXXXX             -E---N---D-             XXXXXXXXXXXXXXXXXXXXXX 
2019-03-18 00:41:38,336 INFO  [Log] X 
2019-03-18 00:41:38,336 INFO  [Log] X 
2019-03-18 00:41:38,336 INFO  [Log] X 
2019-03-18 00:41:38,336 INFO  [Log] X 
2019-03-18 00:42:07,916 INFO  [Log] **************************************************************************************** 
2019-03-18 00:42:07,917 INFO  [Log] **************************************************************************************** 
2019-03-18 00:42:07,917 INFO  [Log] $$$$$$$$$$$$$$$$$$$$$                 Verify_01       $$$$$$$$$$$$$$$$$$$$$$$$$ 
2019-03-18 00:42:07,917 INFO  [Log] **************************************************************************************** 
2019-03-18 00:42:07,917 INFO  [Log] **************************************************************************************** 
2019-03-18 00:42:07,920 INFO  [Log] Opening Browser 
2019-03-18 00:42:09,757 INFO  [Log] Chrome browser started 
2019-03-18 00:42:09,966 INFO  [Log] Navigating to URL 
2019-03-18 00:42:21,354 INFO  [Log] Entering the text in email_input 
2019-03-18 00:42:21,354 ERROR [Log] Not able to Enter text --- null 
2019-03-18 00:42:21,430 INFO  [Log] Closing the browser 
2019-03-18 00:42:21,721 INFO  [Log] XXXXXXXXXXXXXXXXXXXXXXX             -E---N---D-             XXXXXXXXXXXXXXXXXXXXXX 
2019-03-18 00:42:21,722 INFO  [Log] X 
2019-03-18 00:42:21,722 INFO  [Log] X 
2019-03-18 00:42:21,722 INFO  [Log] X 
2019-03-18 00:42:21,722 INFO  [Log] X 
2019-03-18 00:46:21,864 INFO  [Log] **************************************************************************************** 
2019-03-18 00:46:21,864 INFO  [Log] **************************************************************************************** 
2019-03-18 00:46:21,865 INFO  [Log] $$$$$$$$$$$$$$$$$$$$$                 Verify_01       $$$$$$$$$$$$$$$$$$$$$$$$$ 
2019-03-18 00:46:21,865 INFO  [Log] **************************************************************************************** 
2019-03-18 00:46:21,865 INFO  [Log] **************************************************************************************** 
2019-03-18 00:46:21,868 INFO  [Log] Opening Browser 
2019-03-18 00:46:23,738 INFO  [Log] Chrome browser started 
2019-03-18 00:46:23,948 INFO  [Log] Navigating to URL 
2019-03-18 00:46:30,530 INFO  [Log] Entering the text in email_input 
2019-03-18 00:46:30,531 ERROR [Log] Not able to Enter text --- null 
2019-03-18 00:46:30,605 INFO  [Log] Closing the browser 
2019-03-18 00:46:30,922 INFO  [Log] XXXXXXXXXXXXXXXXXXXXXXX             -E---N---D-             XXXXXXXXXXXXXXXXXXXXXX 
2019-03-18 00:46:30,922 INFO  [Log] X 
2019-03-18 00:46:30,922 INFO  [Log] X 
2019-03-18 00:46:30,922 INFO  [Log] X 
2019-03-18 00:46:30,922 INFO  [Log] X 
2019-03-18 08:36:59,146 INFO  [Log] **************************************************************************************** 
2019-03-18 08:36:59,147 INFO  [Log] **************************************************************************************** 
2019-03-18 08:36:59,147 INFO  [Log] $$$$$$$$$$$$$$$$$$$$$                 Verify_01       $$$$$$$$$$$$$$$$$$$$$$$$$ 
2019-03-18 08:36:59,147 INFO  [Log] **************************************************************************************** 
2019-03-18 08:36:59,147 INFO  [Log] **************************************************************************************** 
2019-03-18 08:36:59,152 INFO  [Log] Opening Browser 
2019-03-18 08:37:01,806 INFO  [Log] Chrome browser started 
2019-03-18 08:37:02,028 INFO  [Log] Navigating to URL 
2019-03-18 08:37:03,415 INFO  [Log] Entering the text in email_input 
2019-03-18 08:37:03,415 ERROR [Log] Not able to Enter text --- null 
2019-03-18 08:37:03,493 INFO  [Log] Closing the browser 
2019-03-18 08:37:03,649 INFO  [Log] XXXXXXXXXXXXXXXXXXXXXXX             -E---N---D-             XXXXXXXXXXXXXXXXXXXXXX 
2019-03-18 08:37:03,649 INFO  [Log] X 
2019-03-18 08:37:03,649 INFO  [Log] X 
2019-03-18 08:37:03,649 INFO  [Log] X 
2019-03-18 08:37:03,649 INFO  [Log] X 
2019-03-18 08:44:24,585 INFO  [Log] **************************************************************************************** 
2019-03-18 08:44:24,585 INFO  [Log] **************************************************************************************** 
2019-03-18 08:44:24,585 INFO  [Log] $$$$$$$$$$$$$$$$$$$$$                 Verify_01       $$$$$$$$$$$$$$$$$$$$$$$$$ 
2019-03-18 08:44:24,585 INFO  [Log] **************************************************************************************** 
2019-03-18 08:44:24,585 INFO  [Log] **************************************************************************************** 
2019-03-18 08:44:24,588 INFO  [Log] Opening Browser 
2019-03-18 08:44:26,387 INFO  [Log] Chrome browser started 
2019-03-18 08:44:26,652 INFO  [Log] Navigating to URL 
2019-03-18 08:44:34,734 INFO  [Log] Entering the text in email_input 
2019-03-18 08:44:35,052 INFO  [Log] Entering the text in password_input 
2019-03-18 08:44:35,245 INFO  [Log] Clicking on Webelement signIn_btn 
2019-03-18 08:44:37,391 INFO  [Log] Verify display item order_history_and_detail_btn 
2019-03-18 08:44:47,419 ERROR [Log] Not able to display --- no such element: Unable to locate element: {"method":"xpath","selector":"//*[@title= 'Orders']"}
  (Session info: chrome=72.0.3626.121)
  (Driver info: chromedriver=73.0.3683.20 (8e2b610813e167eee3619ac4ce6e42e3ec622017),platform=Mac OS X 10.14.2 x86_64) (WARNING: The server did not provide any stacktrace information)
Command duration or timeout: 0 milliseconds
For documentation on this error, please visit: http://seleniumhq.org/exceptions/no_such_element.html
Build info: version: '3.14.0', revision: 'aacccce0', time: '2018-08-02T20:19:58.91Z'
System info: host: 'MacBook-Pro-2.local', ip: '2402:800:4198:177a:e99e:a448:4a37:90d2%en0', os.name: 'Mac OS X', os.arch: 'x86_64', os.version: '10.14.2', java.version: '1.8.0_181'
Driver info: org.openqa.selenium.chrome.ChromeDriver
Capabilities {acceptInsecureCerts: false, acceptSslCerts: false, applicationCacheEnabled: false, browserConnectionEnabled: false, browserName: chrome, chrome: {chromedriverVersion: 73.0.3683.20 (8e2b610813e16..., userDataDir: /var/folders/24/4smgzljs2zj...}, cssSelectorsEnabled: true, databaseEnabled: false, goog:chromeOptions: {debuggerAddress: localhost:49816}, handlesAlerts: true, hasTouchScreen: false, javascriptEnabled: true, locationContextEnabled: true, mobileEmulationEnabled: false, nativeEvents: true, networkConnectionEnabled: false, pageLoadStrategy: normal, platform: MAC, platformName: MAC, proxy: Proxy(), rotatable: false, setWindowRect: true, strictFileInteractability: false, takesHeapSnapshot: true, takesScreenshot: true, timeouts: {implicit: 0, pageLoad: 300000, script: 30000}, unexpectedAlertBehaviour: ignore, unhandledPromptBehavior: ignore, version: 72.0.3626.121, webStorageEnabled: true}
Session ID: 664cc3409a28b7800ea59611d9f960d3
*** Element info: {Using=xpath, value=//*[@title= 'Orders']} 
2019-03-18 08:44:47,481 INFO  [Log] Closing the browser 
2019-03-18 08:44:47,639 INFO  [Log] XXXXXXXXXXXXXXXXXXXXXXX             -E---N---D-             XXXXXXXXXXXXXXXXXXXXXX 
2019-03-18 08:44:47,639 INFO  [Log] X 
2019-03-18 08:44:47,639 INFO  [Log] X 
2019-03-18 08:44:47,639 INFO  [Log] X 
2019-03-18 08:44:47,639 INFO  [Log] X 
2019-03-18 08:45:30,508 INFO  [Log] **************************************************************************************** 
2019-03-18 08:45:30,510 INFO  [Log] **************************************************************************************** 
2019-03-18 08:45:30,510 INFO  [Log] $$$$$$$$$$$$$$$$$$$$$                 Verify_01       $$$$$$$$$$$$$$$$$$$$$$$$$ 
2019-03-18 08:45:30,510 INFO  [Log] **************************************************************************************** 
2019-03-18 08:45:30,510 INFO  [Log] **************************************************************************************** 
2019-03-18 08:45:30,513 INFO  [Log] Opening Browser 
2019-03-18 08:45:32,281 INFO  [Log] Chrome browser started 
2019-03-18 08:45:32,525 INFO  [Log] Navigating to URL 
2019-03-18 08:45:41,854 INFO  [Log] Entering the text in email_input 
2019-03-18 08:45:42,205 INFO  [Log] Entering the text in password_input 
2019-03-18 08:45:42,379 INFO  [Log] Clicking on Webelement signIn_btn 
2019-03-18 08:45:43,862 INFO  [Log] Verify display item order_history_and_detail_btn 
2019-03-18 08:45:53,923 ERROR [Log] Not able to display --- no such element: Unable to locate element: {"method":"xpath","selector":"//*[@title= 'Orders']"}
  (Session info: chrome=72.0.3626.121)
  (Driver info: chromedriver=73.0.3683.20 (8e2b610813e167eee3619ac4ce6e42e3ec622017),platform=Mac OS X 10.14.2 x86_64) (WARNING: The server did not provide any stacktrace information)
Command duration or timeout: 0 milliseconds
For documentation on this error, please visit: http://seleniumhq.org/exceptions/no_such_element.html
Build info: version: '3.14.0', revision: 'aacccce0', time: '2018-08-02T20:19:58.91Z'
System info: host: 'MacBook-Pro-2.local', ip: '2402:800:4198:177a:e99e:a448:4a37:90d2%en0', os.name: 'Mac OS X', os.arch: 'x86_64', os.version: '10.14.2', java.version: '1.8.0_181'
Driver info: org.openqa.selenium.chrome.ChromeDriver
Capabilities {acceptInsecureCerts: false, acceptSslCerts: false, applicationCacheEnabled: false, browserConnectionEnabled: false, browserName: chrome, chrome: {chromedriverVersion: 73.0.3683.20 (8e2b610813e16..., userDataDir: /var/folders/24/4smgzljs2zj...}, cssSelectorsEnabled: true, databaseEnabled: false, goog:chromeOptions: {debuggerAddress: localhost:49874}, handlesAlerts: true, hasTouchScreen: false, javascriptEnabled: true, locationContextEnabled: true, mobileEmulationEnabled: false, nativeEvents: true, networkConnectionEnabled: false, pageLoadStrategy: normal, platform: MAC, platformName: MAC, proxy: Proxy(), rotatable: false, setWindowRect: true, strictFileInteractability: false, takesHeapSnapshot: true, takesScreenshot: true, timeouts: {implicit: 0, pageLoad: 300000, script: 30000}, unexpectedAlertBehaviour: ignore, unhandledPromptBehavior: ignore, version: 72.0.3626.121, webStorageEnabled: true}
Session ID: dfb6f5129bd0c3498704683cfd036391
*** Element info: {Using=xpath, value=//*[@title= 'Orders']} 
2019-03-18 08:45:53,987 INFO  [Log] Closing the browser 
2019-03-18 08:45:54,186 INFO  [Log] XXXXXXXXXXXXXXXXXXXXXXX             -E---N---D-             XXXXXXXXXXXXXXXXXXXXXX 
2019-03-18 08:45:54,186 INFO  [Log] X 
2019-03-18 08:45:54,187 INFO  [Log] X 
2019-03-18 08:45:54,187 INFO  [Log] X 
2019-03-18 08:45:54,187 INFO  [Log] X 
2019-03-18 08:46:40,990 INFO  [Log] **************************************************************************************** 
2019-03-18 08:46:40,990 INFO  [Log] **************************************************************************************** 
2019-03-18 08:46:40,990 INFO  [Log] $$$$$$$$$$$$$$$$$$$$$                 Verify_01       $$$$$$$$$$$$$$$$$$$$$$$$$ 
2019-03-18 08:46:40,990 INFO  [Log] **************************************************************************************** 
2019-03-18 08:46:40,990 INFO  [Log] **************************************************************************************** 
2019-03-18 08:46:40,994 INFO  [Log] Opening Browser 
2019-03-18 08:46:42,694 INFO  [Log] Chrome browser started 
2019-03-18 08:46:42,915 INFO  [Log] Navigating to URL 
2019-03-18 08:46:50,764 INFO  [Log] Entering the text in email_input 
2019-03-18 08:46:51,066 INFO  [Log] Entering the text in password_input 
2019-03-18 08:46:51,221 INFO  [Log] Clicking on Webelement signIn_btn 
2019-03-18 08:46:53,202 INFO  [Log] Verify display item order_history_and_detail_btn 
2019-03-18 08:47:03,276 ERROR [Log] Not able to display --- no such element: Unable to locate element: {"method":"xpath","selector":"//*[@title= 'Orders']"}
  (Session info: chrome=72.0.3626.121)
  (Driver info: chromedriver=73.0.3683.20 (8e2b610813e167eee3619ac4ce6e42e3ec622017),platform=Mac OS X 10.14.2 x86_64) (WARNING: The server did not provide any stacktrace information)
Command duration or timeout: 0 milliseconds
For documentation on this error, please visit: http://seleniumhq.org/exceptions/no_such_element.html
Build info: version: '3.14.0', revision: 'aacccce0', time: '2018-08-02T20:19:58.91Z'
System info: host: 'MacBook-Pro-2.local', ip: '2402:800:4198:177a:e99e:a448:4a37:90d2%en0', os.name: 'Mac OS X', os.arch: 'x86_64', os.version: '10.14.2', java.version: '1.8.0_181'
Driver info: org.openqa.selenium.chrome.ChromeDriver
Capabilities {acceptInsecureCerts: false, acceptSslCerts: false, applicationCacheEnabled: false, browserConnectionEnabled: false, browserName: chrome, chrome: {chromedriverVersion: 73.0.3683.20 (8e2b610813e16..., userDataDir: /var/folders/24/4smgzljs2zj...}, cssSelectorsEnabled: true, databaseEnabled: false, goog:chromeOptions: {debuggerAddress: localhost:49904}, handlesAlerts: true, hasTouchScreen: false, javascriptEnabled: true, locationContextEnabled: true, mobileEmulationEnabled: false, nativeEvents: true, networkConnectionEnabled: false, pageLoadStrategy: normal, platform: MAC, platformName: MAC, proxy: Proxy(), rotatable: false, setWindowRect: true, strictFileInteractability: false, takesHeapSnapshot: true, takesScreenshot: true, timeouts: {implicit: 0, pageLoad: 300000, script: 30000}, unexpectedAlertBehaviour: ignore, unhandledPromptBehavior: ignore, version: 72.0.3626.121, webStorageEnabled: true}
Session ID: 6f7ab24c1b813c1ab82c9bc8daa10877
*** Element info: {Using=xpath, value=//*[@title= 'Orders']} 
2019-03-18 08:47:03,339 INFO  [Log] Closing the browser 
2019-03-18 08:47:03,493 INFO  [Log] XXXXXXXXXXXXXXXXXXXXXXX             -E---N---D-             XXXXXXXXXXXXXXXXXXXXXX 
2019-03-18 08:47:03,494 INFO  [Log] X 
2019-03-18 08:47:03,494 INFO  [Log] X 
2019-03-18 08:47:03,494 INFO  [Log] X 
2019-03-18 08:47:03,494 INFO  [Log] X 
2019-03-18 08:52:26,643 INFO  [Log] **************************************************************************************** 
2019-03-18 08:52:26,643 INFO  [Log] **************************************************************************************** 
2019-03-18 08:52:26,643 INFO  [Log] $$$$$$$$$$$$$$$$$$$$$                 Verify_01       $$$$$$$$$$$$$$$$$$$$$$$$$ 
2019-03-18 08:52:26,643 INFO  [Log] **************************************************************************************** 
2019-03-18 08:52:26,643 INFO  [Log] **************************************************************************************** 
2019-03-18 08:52:26,647 INFO  [Log] Opening Browser 
2019-03-18 08:52:28,362 INFO  [Log] Chrome browser started 
2019-03-18 08:52:28,674 INFO  [Log] Navigating to URL 
2019-03-18 08:52:38,190 INFO  [Log] Entering the text in email_input 
2019-03-18 08:52:41,505 INFO  [Log] Entering the text in password_input 
2019-03-18 08:52:44,660 INFO  [Log] Clicking on Webelement signIn_btn 
2019-03-18 08:52:55,076 INFO  [Log] Verify display item order_history_and_detail_btn 
2019-03-18 08:53:05,120 ERROR [Log] Not able to display --- no such element: Unable to locate element: {"method":"xpath","selector":"//*[@title= 'Orders']"}
  (Session info: chrome=72.0.3626.121)
  (Driver info: chromedriver=73.0.3683.20 (8e2b610813e167eee3619ac4ce6e42e3ec622017),platform=Mac OS X 10.14.2 x86_64) (WARNING: The server did not provide any stacktrace information)
Command duration or timeout: 0 milliseconds
For documentation on this error, please visit: http://seleniumhq.org/exceptions/no_such_element.html
Build info: version: '3.14.0', revision: 'aacccce0', time: '2018-08-02T20:19:58.91Z'
System info: host: 'MacBook-Pro-2.local', ip: '2402:800:4198:177a:e99e:a448:4a37:90d2%en0', os.name: 'Mac OS X', os.arch: 'x86_64', os.version: '10.14.2', java.version: '1.8.0_181'
Driver info: org.openqa.selenium.chrome.ChromeDriver
Capabilities {acceptInsecureCerts: false, acceptSslCerts: false, applicationCacheEnabled: false, browserConnectionEnabled: false, browserName: chrome, chrome: {chromedriverVersion: 73.0.3683.20 (8e2b610813e16..., userDataDir: /var/folders/24/4smgzljs2zj...}, cssSelectorsEnabled: true, databaseEnabled: false, goog:chromeOptions: {debuggerAddress: localhost:49957}, handlesAlerts: true, hasTouchScreen: false, javascriptEnabled: true, locationContextEnabled: true, mobileEmulationEnabled: false, nativeEvents: true, networkConnectionEnabled: false, pageLoadStrategy: normal, platform: MAC, platformName: MAC, proxy: Proxy(), rotatable: false, setWindowRect: true, strictFileInteractability: false, takesHeapSnapshot: true, takesScreenshot: true, timeouts: {implicit: 0, pageLoad: 300000, script: 30000}, unexpectedAlertBehaviour: ignore, unhandledPromptBehavior: ignore, version: 72.0.3626.121, webStorageEnabled: true}
Session ID: a47a82205a4db61141ad28ca718262e8
*** Element info: {Using=xpath, value=//*[@title= 'Orders']} 
2019-03-18 08:53:05,183 INFO  [Log] Closing the browser 
2019-03-18 08:53:05,386 INFO  [Log] XXXXXXXXXXXXXXXXXXXXXXX             -E---N---D-             XXXXXXXXXXXXXXXXXXXXXX 
2019-03-18 08:53:05,386 INFO  [Log] X 
2019-03-18 08:53:05,386 INFO  [Log] X 
2019-03-18 08:53:05,386 INFO  [Log] X 
2019-03-18 08:53:05,387 INFO  [Log] X 
2019-03-18 14:53:00,218 INFO  [Log] **************************************************************************************** 
2019-03-18 14:53:00,220 INFO  [Log] **************************************************************************************** 
2019-03-18 14:53:00,220 INFO  [Log] $$$$$$$$$$$$$$$$$$$$$                 Verify_01       $$$$$$$$$$$$$$$$$$$$$$$$$ 
2019-03-18 14:53:00,221 INFO  [Log] **************************************************************************************** 
2019-03-18 14:53:00,221 INFO  [Log] **************************************************************************************** 
2019-03-18 14:53:00,224 INFO  [Log] Opening Browser 
2019-03-18 14:53:02,853 INFO  [Log] Chrome browser started 
2019-03-18 14:53:03,112 INFO  [Log] Navigating to URL 
2019-03-18 14:53:04,005 INFO  [Log] Entering the text in email_input 
2019-03-18 14:53:14,054 ERROR [Log] Not able to Enter text --- no such element: Unable to locate element: {"method":"id","selector":"email"}
  (Session info: chrome=72.0.3626.121)
  (Driver info: chromedriver=73.0.3683.20 (8e2b610813e167eee3619ac4ce6e42e3ec622017),platform=Mac OS X 10.14.2 x86_64) (WARNING: The server did not provide any stacktrace information)
Command duration or timeout: 0 milliseconds
For documentation on this error, please visit: http://seleniumhq.org/exceptions/no_such_element.html
Build info: version: '3.14.0', revision: 'aacccce0', time: '2018-08-02T20:19:58.91Z'
System info: host: 'MacBook-Pro-2.local', ip: 'fe80:0:0:0:1470:cd13:b713:508f%en0', os.name: 'Mac OS X', os.arch: 'x86_64', os.version: '10.14.2', java.version: '1.8.0_181'
Driver info: org.openqa.selenium.chrome.ChromeDriver
Capabilities {acceptInsecureCerts: false, acceptSslCerts: false, applicationCacheEnabled: false, browserConnectionEnabled: false, browserName: chrome, chrome: {chromedriverVersion: 73.0.3683.20 (8e2b610813e16..., userDataDir: /var/folders/24/4smgzljs2zj...}, cssSelectorsEnabled: true, databaseEnabled: false, goog:chromeOptions: {debuggerAddress: localhost:52781}, handlesAlerts: true, hasTouchScreen: false, javascriptEnabled: true, locationContextEnabled: true, mobileEmulationEnabled: false, nativeEvents: true, networkConnectionEnabled: false, pageLoadStrategy: normal, platform: MAC, platformName: MAC, proxy: Proxy(), rotatable: false, setWindowRect: true, strictFileInteractability: false, takesHeapSnapshot: true, takesScreenshot: true, timeouts: {implicit: 0, pageLoad: 300000, script: 30000}, unexpectedAlertBehaviour: ignore, unhandledPromptBehavior: ignore, version: 72.0.3626.121, webStorageEnabled: true}
Session ID: 9099fbead355a2a960e3daf61d0c63d8
*** Element info: {Using=id, value=email} 
2019-03-18 14:53:14,151 INFO  [Log] Closing the browser 
2019-03-18 14:53:14,370 INFO  [Log] XXXXXXXXXXXXXXXXXXXXXXX             -E---N---D-             XXXXXXXXXXXXXXXXXXXXXX 
2019-03-18 14:53:14,371 INFO  [Log] X 
2019-03-18 14:53:14,371 INFO  [Log] X 
2019-03-18 14:53:14,371 INFO  [Log] X 
2019-03-18 14:53:14,371 INFO  [Log] X 
2019-03-18 14:53:45,262 INFO  [Log] **************************************************************************************** 
2019-03-18 14:53:45,262 INFO  [Log] **************************************************************************************** 
2019-03-18 14:53:45,262 INFO  [Log] $$$$$$$$$$$$$$$$$$$$$                 Verify_01       $$$$$$$$$$$$$$$$$$$$$$$$$ 
2019-03-18 14:53:45,262 INFO  [Log] **************************************************************************************** 
2019-03-18 14:53:45,262 INFO  [Log] **************************************************************************************** 
2019-03-18 14:53:45,266 INFO  [Log] Opening Browser 
2019-03-18 14:53:47,402 INFO  [Log] Chrome browser started 
2019-03-18 14:53:47,639 INFO  [Log] Navigating to URL 
2019-03-18 14:53:58,594 INFO  [Log] Entering the text in email_input 
2019-03-18 14:54:01,936 INFO  [Log] Entering the text in password_input 
2019-03-18 14:54:05,123 INFO  [Log] Clicking on Webelement signIn_btn 
2019-03-18 14:54:07,572 INFO  [Log] Verify display item order_history_and_detail_btn 
2019-03-18 14:54:17,615 ERROR [Log] Not able to display --- no such element: Unable to locate element: {"method":"xpath","selector":"//*[@title= 'Orders']"}
  (Session info: chrome=72.0.3626.121)
  (Driver info: chromedriver=73.0.3683.20 (8e2b610813e167eee3619ac4ce6e42e3ec622017),platform=Mac OS X 10.14.2 x86_64) (WARNING: The server did not provide any stacktrace information)
Command duration or timeout: 0 milliseconds
For documentation on this error, please visit: http://seleniumhq.org/exceptions/no_such_element.html
Build info: version: '3.14.0', revision: 'aacccce0', time: '2018-08-02T20:19:58.91Z'
System info: host: 'MacBook-Pro-2.local', ip: '2402:800:4195:df0e:9c96:e7d6:6406:ee0f%en0', os.name: 'Mac OS X', os.arch: 'x86_64', os.version: '10.14.2', java.version: '1.8.0_181'
Driver info: org.openqa.selenium.chrome.ChromeDriver
Capabilities {acceptInsecureCerts: false, acceptSslCerts: false, applicationCacheEnabled: false, browserConnectionEnabled: false, browserName: chrome, chrome: {chromedriverVersion: 73.0.3683.20 (8e2b610813e16..., userDataDir: /var/folders/24/4smgzljs2zj...}, cssSelectorsEnabled: true, databaseEnabled: false, goog:chromeOptions: {debuggerAddress: localhost:52880}, handlesAlerts: true, hasTouchScreen: false, javascriptEnabled: true, locationContextEnabled: true, mobileEmulationEnabled: false, nativeEvents: true, networkConnectionEnabled: false, pageLoadStrategy: normal, platform: MAC, platformName: MAC, proxy: Proxy(), rotatable: false, setWindowRect: true, strictFileInteractability: false, takesHeapSnapshot: true, takesScreenshot: true, timeouts: {implicit: 0, pageLoad: 300000, script: 30000}, unexpectedAlertBehaviour: ignore, unhandledPromptBehavior: ignore, version: 72.0.3626.121, webStorageEnabled: true}
Session ID: 8af8cb3ca64ac6c7da1b07cec81c628d
*** Element info: {Using=xpath, value=//*[@title= 'Orders']} 
2019-03-18 14:54:17,697 INFO  [Log] Closing the browser 
2019-03-18 14:54:17,896 INFO  [Log] XXXXXXXXXXXXXXXXXXXXXXX             -E---N---D-             XXXXXXXXXXXXXXXXXXXXXX 
2019-03-18 14:54:17,896 INFO  [Log] X 
2019-03-18 14:54:17,896 INFO  [Log] X 
2019-03-18 14:54:17,896 INFO  [Log] X 
2019-03-18 14:54:17,896 INFO  [Log] X 
2019-03-18 14:55:36,002 INFO  [Log] **************************************************************************************** 
2019-03-18 14:55:36,003 INFO  [Log] **************************************************************************************** 
2019-03-18 14:55:36,003 INFO  [Log] $$$$$$$$$$$$$$$$$$$$$                 Verify_01       $$$$$$$$$$$$$$$$$$$$$$$$$ 
2019-03-18 14:55:36,003 INFO  [Log] **************************************************************************************** 
2019-03-18 14:55:36,003 INFO  [Log] **************************************************************************************** 
2019-03-18 14:55:36,008 INFO  [Log] Opening Browser 
2019-03-18 14:55:38,504 INFO  [Log] Chrome browser started 
2019-03-18 14:55:38,775 INFO  [Log] Navigating to URL 
2019-03-18 14:55:47,950 INFO  [Log] Entering the text in email_input 
2019-03-18 14:55:51,295 INFO  [Log] Entering the text in password_input 
2019-03-18 14:55:54,477 INFO  [Log] Clicking on Webelement signIn_btn 
2019-03-18 14:55:58,518 INFO  [Log] Verify display item order_history_and_detail_btn 
2019-03-18 14:55:58,650 INFO  [Log] Verify display item my_credit_slips_btn 
2019-03-18 14:55:58,738 INFO  [Log] Verify display item my_address_btn 
2019-03-18 14:55:58,834 INFO  [Log] Verify display item my_personal_btn 
2019-03-18 14:55:58,920 INFO  [Log] Verify display item my_wishlists_btn 
2019-03-18 14:55:59,012 INFO  [Log] Clicking on Webelement my_personal_btn 
2019-03-18 14:56:02,515 INFO  [Log] Verify display item social_title 
2019-03-18 14:56:02,601 INFO  [Log] Verify display item first_name 
2019-03-18 14:56:02,680 INFO  [Log] Verify display item last_name 
2019-03-18 14:56:02,765 INFO  [Log] Verify display item email_address 
2019-03-18 14:56:02,838 INFO  [Log] Verify display item date_of_birth 
2019-03-18 14:56:02,905 INFO  [Log] Verify display item current_pw 
2019-03-18 14:56:02,988 INFO  [Log] Verify display item new_pw 
2019-03-18 14:56:03,065 INFO  [Log] Verify display item confirmation 
2019-03-18 14:56:03,139 INFO  [Log] Verify display item save_btn 
2019-03-18 14:56:03,201 INFO  [Log] Entering the text in first_name_input 
2019-03-18 14:56:06,357 INFO  [Log] Entering the text in last_name_input 
2019-03-18 14:56:09,557 INFO  [Log] Select item on Webelement day 
2019-03-18 14:56:19,667 ERROR [Log] Not able to click --- Cannot locate element with text: 27
For documentation on this error, please visit: http://seleniumhq.org/exceptions/no_such_element.html
Build info: version: '3.14.0', revision: 'aacccce0', time: '2018-08-02T20:19:58.91Z'
System info: host: 'MacBook-Pro-2.local', ip: '2402:800:4195:df0e:9c96:e7d6:6406:ee0f%en0', os.name: 'Mac OS X', os.arch: 'x86_64', os.version: '10.14.2', java.version: '1.8.0_181'
Driver info: driver.version: unknown 
2019-03-18 14:56:19,707 INFO  [Log] Closing the browser 
2019-03-18 14:56:19,899 INFO  [Log] XXXXXXXXXXXXXXXXXXXXXXX             -E---N---D-             XXXXXXXXXXXXXXXXXXXXXX 
2019-03-18 14:56:19,903 INFO  [Log] X 
2019-03-18 14:56:19,903 INFO  [Log] X 
2019-03-18 14:56:19,903 INFO  [Log] X 
2019-03-18 14:56:19,903 INFO  [Log] X 
2019-03-18 14:58:12,289 INFO  [Log] **************************************************************************************** 
2019-03-18 14:58:12,291 INFO  [Log] **************************************************************************************** 
2019-03-18 14:58:12,291 INFO  [Log] $$$$$$$$$$$$$$$$$$$$$                 Verify_01       $$$$$$$$$$$$$$$$$$$$$$$$$ 
2019-03-18 14:58:12,291 INFO  [Log] **************************************************************************************** 
2019-03-18 14:58:12,291 INFO  [Log] **************************************************************************************** 
2019-03-18 14:58:12,294 INFO  [Log] Opening Browser 
2019-03-18 14:58:14,929 INFO  [Log] Chrome browser started 
2019-03-18 14:58:15,401 INFO  [Log] Navigating to URL 
2019-03-18 14:58:24,698 INFO  [Log] Entering the text in email_input 
2019-03-18 14:58:28,042 INFO  [Log] Entering the text in password_input 
2019-03-18 14:58:31,234 INFO  [Log] Clicking on Webelement signIn_btn 
2019-03-18 14:58:35,267 INFO  [Log] Verify display item order_history_and_detail_btn 
2019-03-18 14:58:35,378 INFO  [Log] Verify display item my_credit_slips_btn 
2019-03-18 14:58:35,477 INFO  [Log] Verify display item my_address_btn 
2019-03-18 14:58:35,556 INFO  [Log] Verify display item my_personal_btn 
2019-03-18 14:58:35,652 INFO  [Log] Verify display item my_wishlists_btn 
2019-03-18 14:58:35,733 INFO  [Log] Clicking on Webelement my_personal_btn 
2019-03-18 14:58:38,239 INFO  [Log] Verify display item social_title 
2019-03-18 14:58:38,318 INFO  [Log] Verify display item first_name 
2019-03-18 14:58:38,401 INFO  [Log] Verify display item last_name 
2019-03-18 14:58:38,494 INFO  [Log] Verify display item email_address 
2019-03-18 14:58:38,578 INFO  [Log] Verify display item date_of_birth 
2019-03-18 14:58:38,645 INFO  [Log] Verify display item current_pw 
2019-03-18 14:58:38,744 INFO  [Log] Verify display item new_pw 
2019-03-18 14:58:38,826 INFO  [Log] Verify display item confirmation 
2019-03-18 14:58:38,902 INFO  [Log] Verify display item save_btn 
2019-03-18 14:58:38,978 INFO  [Log] Entering the text in first_name_input 
2019-03-18 14:58:42,176 INFO  [Log] Entering the text in last_name_input 
2019-03-18 14:58:45,333 INFO  [Log] Select item on Webelement day 
2019-03-18 14:58:45,566 INFO  [Log] Select item on Webelement month 
2019-03-18 14:58:45,748 INFO  [Log] Select item on Webelement year 
2019-03-18 14:58:45,893 INFO  [Log] Clicking on Webelement save_btn 
2019-03-18 14:58:50,510 INFO  [Log] Closing the browser 
2019-03-18 14:58:50,788 INFO  [Log] XXXXXXXXXXXXXXXXXXXXXXX             -E---N---D-             XXXXXXXXXXXXXXXXXXXXXX 
2019-03-18 14:58:50,788 INFO  [Log] X 
2019-03-18 14:58:50,788 INFO  [Log] X 
2019-03-18 14:58:50,788 INFO  [Log] X 
2019-03-18 14:58:50,788 INFO  [Log] X 
2019-03-18 15:03:21,037 INFO  [Log] **************************************************************************************** 
2019-03-18 15:03:21,038 INFO  [Log] **************************************************************************************** 
2019-03-18 15:03:21,039 INFO  [Log] $$$$$$$$$$$$$$$$$$$$$                 Verify_01       $$$$$$$$$$$$$$$$$$$$$$$$$ 
2019-03-18 15:03:21,039 INFO  [Log] **************************************************************************************** 
2019-03-18 15:03:21,039 INFO  [Log] **************************************************************************************** 
2019-03-18 15:03:21,042 INFO  [Log] Opening Browser 
2019-03-18 15:03:23,677 INFO  [Log] Chrome browser started 
2019-03-18 15:03:24,093 INFO  [Log] Navigating to URL 
2019-03-18 15:03:31,853 INFO  [Log] Entering the text in email_input 
2019-03-18 15:03:35,180 INFO  [Log] Entering the text in password_input 
2019-03-18 15:03:38,393 INFO  [Log] Clicking on Webelement signIn_btn 
2019-03-18 15:03:42,142 INFO  [Log] Verify display item order_history_and_detail_btn 
2019-03-18 15:03:42,261 INFO  [Log] Verify display item my_credit_slips_btn 
2019-03-18 15:03:42,351 INFO  [Log] Verify display item my_address_btn 
2019-03-18 15:03:42,433 INFO  [Log] Verify display item my_personal_btn 
2019-03-18 15:03:42,518 INFO  [Log] Verify display item my_wishlists_btn 
2019-03-18 15:03:42,604 INFO  [Log] Clicking on Webelement my_personal_btn 
2019-03-18 15:03:46,767 INFO  [Log] Verify display item social_title 
2019-03-18 15:03:46,856 INFO  [Log] Verify display item first_name 
2019-03-18 15:03:46,935 INFO  [Log] Verify display item last_name 
2019-03-18 15:03:47,010 INFO  [Log] Verify display item email_address 
2019-03-18 15:03:47,087 INFO  [Log] Verify display item date_of_birth 
2019-03-18 15:03:47,160 INFO  [Log] Verify display item current_pw 
2019-03-18 15:03:47,247 INFO  [Log] Verify display item new_pw 
2019-03-18 15:03:47,331 INFO  [Log] Verify display item confirmation 
2019-03-18 15:03:47,403 INFO  [Log] Verify display item save_btn 
2019-03-18 15:03:47,474 INFO  [Log] Entering the text in first_name_input 
2019-03-18 15:03:50,634 INFO  [Log] Entering the text in last_name_input 
2019-03-18 15:03:53,794 INFO  [Log] Select item on Webelement day 
2019-03-18 15:03:53,931 INFO  [Log] Select item on Webelement month 
2019-03-18 15:03:54,072 INFO  [Log] Select item on Webelement year 
2019-03-18 15:03:54,196 INFO  [Log] Entering the text in current_password 
2019-03-18 15:03:57,346 INFO  [Log] Clicking on Webelement save_btn 
2019-03-18 15:04:01,019 INFO  [Log] Closing the browser 
2019-03-18 15:04:01,218 INFO  [Log] XXXXXXXXXXXXXXXXXXXXXXX             -E---N---D-             XXXXXXXXXXXXXXXXXXXXXX 
2019-03-18 15:04:01,218 INFO  [Log] X 
2019-03-18 15:04:01,218 INFO  [Log] X 
2019-03-18 15:04:01,218 INFO  [Log] X 
2019-03-18 15:04:01,218 INFO  [Log] X 
2019-03-18 15:07:05,587 INFO  [Log] **************************************************************************************** 
2019-03-18 15:07:05,589 INFO  [Log] **************************************************************************************** 
2019-03-18 15:07:05,589 INFO  [Log] $$$$$$$$$$$$$$$$$$$$$                 Verify_01       $$$$$$$$$$$$$$$$$$$$$$$$$ 
2019-03-18 15:07:05,589 INFO  [Log] **************************************************************************************** 
2019-03-18 15:07:05,589 INFO  [Log] **************************************************************************************** 
2019-03-18 15:07:05,592 INFO  [Log] Opening Browser 
2019-03-18 15:07:07,442 INFO  [Log] Chrome browser started 
2019-03-18 15:07:07,703 INFO  [Log] Navigating to URL 
2019-03-18 15:07:16,352 INFO  [Log] Entering the text in email_input 
2019-03-18 15:07:19,705 INFO  [Log] Entering the text in password_input 
2019-03-18 15:07:22,900 INFO  [Log] Clicking on Webelement signIn_btn 
2019-03-18 15:07:26,076 INFO  [Log] Verify display item order_history_and_detail_btn 
2019-03-18 15:07:26,192 INFO  [Log] Verify display item my_credit_slips_btn 
2019-03-18 15:07:26,274 INFO  [Log] Verify display item my_address_btn 
2019-03-18 15:07:26,357 INFO  [Log] Verify display item my_personal_btn 
2019-03-18 15:07:26,441 INFO  [Log] Verify display item my_wishlists_btn 
2019-03-18 15:07:26,523 INFO  [Log] Clicking on Webelement my_personal_btn 
2019-03-18 15:07:29,451 INFO  [Log] Verify display item social_title 
2019-03-18 15:07:29,535 INFO  [Log] Verify display item first_name 
2019-03-18 15:07:29,616 INFO  [Log] Verify display item last_name 
2019-03-18 15:07:29,707 INFO  [Log] Verify display item email_address 
2019-03-18 15:07:29,785 INFO  [Log] Verify display item day 
2019-03-18 15:07:29,854 INFO  [Log] Closing the browser 
2019-03-18 15:07:30,016 INFO  [Log] XXXXXXXXXXXXXXXXXXXXXXX             -E---N---D-             XXXXXXXXXXXXXXXXXXXXXX 
2019-03-18 15:07:30,016 INFO  [Log] X 
2019-03-18 15:07:30,016 INFO  [Log] X 
2019-03-18 15:07:30,016 INFO  [Log] X 
2019-03-18 15:07:30,016 INFO  [Log] X 
2019-03-18 15:10:12,542 INFO  [Log] **************************************************************************************** 
2019-03-18 15:10:12,544 INFO  [Log] **************************************************************************************** 
2019-03-18 15:10:12,544 INFO  [Log] $$$$$$$$$$$$$$$$$$$$$                 Verify_01       $$$$$$$$$$$$$$$$$$$$$$$$$ 
2019-03-18 15:10:12,544 INFO  [Log] **************************************************************************************** 
2019-03-18 15:10:12,544 INFO  [Log] **************************************************************************************** 
2019-03-18 15:10:12,547 INFO  [Log] Opening Browser 
2019-03-18 15:10:14,953 INFO  [Log] Chrome browser started 
2019-03-18 15:10:15,208 INFO  [Log] Navigating to URL 
2019-03-18 15:10:24,651 INFO  [Log] Entering the text in email_input 
2019-03-18 15:10:27,968 INFO  [Log] Entering the text in password_input 
2019-03-18 15:10:31,168 INFO  [Log] Clicking on Webelement signIn_btn 
2019-03-18 15:10:35,053 INFO  [Log] Verify display item order_history_and_detail_btn 
2019-03-18 15:10:35,177 INFO  [Log] Verify display item my_credit_slips_btn 
2019-03-18 15:10:35,272 INFO  [Log] Verify display item my_address_btn 
2019-03-18 15:10:35,366 INFO  [Log] Verify display item my_personal_btn 
2019-03-18 15:10:35,448 INFO  [Log] Verify display item my_wishlists_btn 
2019-03-18 15:10:35,530 INFO  [Log] Clicking on Webelement my_personal_btn 
2019-03-18 15:10:38,732 INFO  [Log] Verify display item social_title 
2019-03-18 15:10:38,847 INFO  [Log] Verify display item first_name_input 
2019-03-18 15:10:38,934 INFO  [Log] Verify display item last_name_input 
2019-03-18 15:10:39,018 INFO  [Log] Verify display item email_address 
2019-03-18 15:10:39,132 INFO  [Log] Verify display item date_of_birth 
2019-03-18 15:10:39,231 INFO  [Log] Verify display item current_pw 
2019-03-18 15:10:39,298 INFO  [Log] Verify display item new_pw 
2019-03-18 15:10:39,376 INFO  [Log] Verify display item confirmation 
2019-03-18 15:10:39,457 INFO  [Log] Verify display item save_btn 
2019-03-18 15:10:39,538 INFO  [Log] Entering the text in first_name_input 
2019-03-18 15:10:42,716 INFO  [Log] Entering the text in last_name_input 
2019-03-18 15:10:45,885 INFO  [Log] Select item on Webelement day 
2019-03-18 15:10:45,988 INFO  [Log] Select item on Webelement month 
2019-03-18 15:10:46,080 INFO  [Log] Select item on Webelement year 
2019-03-18 15:10:46,162 INFO  [Log] Entering the text in current_password 
2019-03-18 15:10:49,308 INFO  [Log] Clicking on Webelement save_btn 
2019-03-18 15:10:53,828 INFO  [Log] Closing the browser 
2019-03-18 15:10:54,056 INFO  [Log] XXXXXXXXXXXXXXXXXXXXXXX             -E---N---D-             XXXXXXXXXXXXXXXXXXXXXX 
2019-03-18 15:10:54,056 INFO  [Log] X 
2019-03-18 15:10:54,056 INFO  [Log] X 
2019-03-18 15:10:54,056 INFO  [Log] X 
2019-03-18 15:10:54,056 INFO  [Log] X 
2019-03-18 15:20:46,803 INFO  [Log] **************************************************************************************** 
2019-03-18 15:20:46,805 INFO  [Log] **************************************************************************************** 
2019-03-18 15:20:46,806 INFO  [Log] $$$$$$$$$$$$$$$$$$$$$                 Verify_01       $$$$$$$$$$$$$$$$$$$$$$$$$ 
2019-03-18 15:20:46,806 INFO  [Log] **************************************************************************************** 
2019-03-18 15:20:46,806 INFO  [Log] **************************************************************************************** 
2019-03-18 15:20:46,810 INFO  [Log] Opening Browser 
2019-03-18 15:20:49,689 INFO  [Log] Chrome browser started 
2019-03-18 15:20:50,213 INFO  [Log] Navigating to URL 
2019-03-18 15:21:00,840 INFO  [Log] Entering the text in email_input 
2019-03-18 15:21:04,261 INFO  [Log] Entering the text in password_input 
2019-03-18 15:21:07,500 INFO  [Log] Clicking on Webelement signIn_btn 
2019-03-18 15:21:11,201 INFO  [Log] **************************************************************************************** 
2019-03-18 15:21:11,202 INFO  [Log] **************************************************************************************** 
2019-03-18 15:21:11,203 INFO  [Log] $$$$$$$$$$$$$$$$$$$$$                 Verify_01       $$$$$$$$$$$$$$$$$$$$$$$$$ 
2019-03-18 15:21:11,203 INFO  [Log] **************************************************************************************** 
2019-03-18 15:21:11,203 INFO  [Log] **************************************************************************************** 
2019-03-18 15:21:11,206 INFO  [Log] Opening Browser 
2019-03-18 15:21:13,556 INFO  [Log] Chrome browser started 
2019-03-18 15:21:13,962 INFO  [Log] Navigating to URL 
2019-03-18 15:21:20,907 INFO  [Log] Verify display item order_history_and_detail_btn 
2019-03-18 15:21:21,015 INFO  [Log] Verify display item my_credit_slips_btn 
2019-03-18 15:21:21,110 INFO  [Log] Verify display item my_address_btn 
2019-03-18 15:21:21,191 INFO  [Log] Verify display item my_personal_btn 
2019-03-18 15:21:21,280 INFO  [Log] Verify display item my_wishlists_btn 
2019-03-18 15:21:21,374 INFO  [Log] Clicking on Webelement my_personal_btn 
2019-03-18 15:21:25,376 INFO  [Log] Verify display item social_title 
2019-03-18 15:21:25,470 INFO  [Log] Verify display item first_name_input 
2019-03-18 15:21:25,555 INFO  [Log] Verify display item last_name_input 
2019-03-18 15:21:25,637 INFO  [Log] Verify display item email_address 
2019-03-18 15:21:25,738 INFO  [Log] Verify display item day_form 
2019-03-18 15:21:25,814 INFO  [Log] Verify display item month_form 
2019-03-18 15:21:25,901 INFO  [Log] Verify display item year_form 
2019-03-18 15:21:25,902 ERROR [Log] Not able to display --- null 
2019-03-18 15:21:25,967 INFO  [Log] Closing the browser 
2019-03-18 15:21:26,128 INFO  [Log] XXXXXXXXXXXXXXXXXXXXXXX             -E---N---D-             XXXXXXXXXXXXXXXXXXXXXX 
2019-03-18 15:21:26,128 INFO  [Log] X 
2019-03-18 15:21:26,128 INFO  [Log] X 
2019-03-18 15:21:26,128 INFO  [Log] X 
2019-03-18 15:21:26,128 INFO  [Log] X 
2019-03-18 15:21:27,511 INFO  [Log] Entering the text in email_input 
2019-03-18 15:21:30,818 INFO  [Log] Entering the text in password_input 
2019-03-18 15:21:34,007 INFO  [Log] Clicking on Webelement signIn_btn 
2019-03-18 15:21:37,987 INFO  [Log] Verify display item order_history_and_detail_btn 
2019-03-18 15:21:38,088 INFO  [Log] Verify display item my_credit_slips_btn 
2019-03-18 15:21:38,182 INFO  [Log] Verify display item my_address_btn 
2019-03-18 15:21:38,274 INFO  [Log] Verify display item my_personal_btn 
2019-03-18 15:21:38,364 INFO  [Log] Verify display item my_wishlists_btn 
2019-03-18 15:21:38,456 INFO  [Log] Clicking on Webelement my_personal_btn 
2019-03-18 15:21:42,171 INFO  [Log] Verify display item social_title 
2019-03-18 15:21:42,264 INFO  [Log] Verify display item first_name_input 
2019-03-18 15:21:42,347 INFO  [Log] Verify display item last_name_input 
2019-03-18 15:21:42,423 INFO  [Log] Verify display item email_address 
2019-03-18 15:21:42,500 INFO  [Log] Verify display item day_form 
2019-03-18 15:21:42,572 INFO  [Log] Verify display item month_form 
2019-03-18 15:21:42,643 INFO  [Log] Verify display item year_form 
2019-03-18 15:21:42,644 ERROR [Log] Not able to display --- null 
2019-03-18 15:21:42,693 INFO  [Log] Closing the browser 
2019-03-18 15:21:42,868 INFO  [Log] XXXXXXXXXXXXXXXXXXXXXXX             -E---N---D-             XXXXXXXXXXXXXXXXXXXXXX 
2019-03-18 15:21:42,868 INFO  [Log] X 
2019-03-18 15:21:42,868 INFO  [Log] X 
2019-03-18 15:21:42,868 INFO  [Log] X 
2019-03-18 15:21:42,869 INFO  [Log] X 
2019-03-18 15:23:22,032 INFO  [Log] **************************************************************************************** 
2019-03-18 15:23:22,033 INFO  [Log] **************************************************************************************** 
2019-03-18 15:23:22,033 INFO  [Log] $$$$$$$$$$$$$$$$$$$$$                 Verify_01       $$$$$$$$$$$$$$$$$$$$$$$$$ 
2019-03-18 15:23:22,033 INFO  [Log] **************************************************************************************** 
2019-03-18 15:23:22,033 INFO  [Log] **************************************************************************************** 
2019-03-18 15:23:22,036 INFO  [Log] Opening Browser 
2019-03-18 15:23:23,982 INFO  [Log] Chrome browser started 
2019-03-18 15:23:24,300 INFO  [Log] Navigating to URL 
2019-03-18 15:23:33,833 INFO  [Log] Entering the text in email_input 
2019-03-18 15:23:37,186 INFO  [Log] Entering the text in password_input 
2019-03-18 15:23:40,373 INFO  [Log] Clicking on Webelement signIn_btn 
2019-03-18 15:23:44,519 INFO  [Log] Verify display item order_history_and_detail_btn 
2019-03-18 15:23:44,633 INFO  [Log] Verify display item my_credit_slips_btn 
2019-03-18 15:23:44,720 INFO  [Log] Verify display item my_address_btn 
2019-03-18 15:23:44,808 INFO  [Log] Verify display item my_personal_btn 
2019-03-18 15:23:44,896 INFO  [Log] Verify display item my_wishlists_btn 
2019-03-18 15:23:44,986 INFO  [Log] Clicking on Webelement my_personal_btn 
2019-03-18 15:23:49,892 INFO  [Log] Verify display item social_title 
2019-03-18 15:23:49,979 INFO  [Log] Verify display item first_name_input 
2019-03-18 15:23:50,059 INFO  [Log] Verify display item last_name_input 
2019-03-18 15:23:50,142 INFO  [Log] Verify display item email_address 
2019-03-18 15:23:50,227 INFO  [Log] Verify display item day_form 
2019-03-18 15:23:50,310 INFO  [Log] Verify display item month_form 
2019-03-18 15:23:50,377 INFO  [Log] Verify display item year_form 
2019-03-18 15:23:50,448 INFO  [Log] Verify display item current_pw 
2019-03-18 15:23:50,524 INFO  [Log] Verify display item new_pw 
2019-03-18 15:23:50,590 INFO  [Log] Verify display item confirmation 
2019-03-18 15:23:50,644 INFO  [Log] Verify display item save_btn 
2019-03-18 15:23:50,725 INFO  [Log] Entering the text in first_name_input 
2019-03-18 15:23:53,887 INFO  [Log] Entering the text in last_name_input 
2019-03-18 15:23:57,023 INFO  [Log] Select item on Webelement day 
2019-03-18 15:23:57,165 INFO  [Log] Select item on Webelement month 
2019-03-18 15:23:57,303 INFO  [Log] Select item on Webelement year 
2019-03-18 15:23:57,425 INFO  [Log] Entering the text in current_password 
2019-03-18 15:24:00,581 INFO  [Log] Clicking on Webelement save_btn 
2019-03-18 15:24:07,458 INFO  [Log] Closing the browser 
2019-03-18 15:24:07,742 INFO  [Log] XXXXXXXXXXXXXXXXXXXXXXX             -E---N---D-             XXXXXXXXXXXXXXXXXXXXXX 
2019-03-18 15:24:07,742 INFO  [Log] X 
2019-03-18 15:24:07,742 INFO  [Log] X 
2019-03-18 15:24:07,742 INFO  [Log] X 
2019-03-18 15:24:07,742 INFO  [Log] X 
